#
# A fatal error has been detected by the Java Runtime Environment:
#
#  EXCEPTION_ACCESS_VIOLATION (0xc0000005) at pc=0x000000006510d277, pid=10936, tid=0x00000000000031fc
#
# JRE version: OpenJDK Runtime Environment (8.0_202-b03) (build 1.8.0_202-release-1483-b03)
# Java VM: OpenJDK 64-Bit Server VM (25.202-b03 mixed mode windows-amd64 compressed oops)
# Problematic frame:
# V  [jvm.dll+0x1ed277]
#
# Failed to write core dump. Minidumps are not enabled by default on client versions of Windows
#
# If you would like to submit a bug report, please visit:
#   http://bugreport.java.com/bugreport/crash.jsp
#

---------------  T H R E A D  ---------------

Current thread (0x0000000019b63800):  JavaThread "build operations" [_thread_in_vm, id=12796, stack(0x000000001eed0000,0x000000001efd0000)]

siginfo: ExceptionCode=0xc0000005, writing address 0x000000001efca680

Registers:
RAX=0x000000001efca680, RBX=0x0000000000000006, RCX=0x0000000000005000, RDX=0x0000000000000006
RSP=0x000000001efcf680, RBP=0x0000000000000000, RSI=0x000000001efcf680, RDI=0x0000000000000006
R8 =0x0000000000000006, R9 =0x000000002606dd50, R10=0x000000001570e6d8, R11=0x000000001eeda148
R12=0x000000002606dd50, R13=0x0000000019b63800, R14=0x000000001efcf748, R15=0x000000001570e6d8
RIP=0x000000006510d277, EFLAGS=0x0000000000010202

Top of Stack: (sp=0x000000001efcf680)
0x000000001efcf680:   0000000000000001 00000001000068d0
0x000000001efcf690:   0000000019b63800 000000002606dd50
0x000000001efcf6a0:   00000000ffffffff 000000006510e1a7
0x000000001efcf6b0:   000000001efcf7b0 000000001570e6d8
0x000000001efcf6c0:   0000000019b63800 0000000064fbbd23
0x000000001efcf6d0:   000000001efcf710 0000000019b63800
0x000000001efcf6e0:   000000001efcf7a0 0000000019b63800
0x000000001efcf6f0:   000000001570e6d8 0000000019b63800
0x000000001efcf700:   0000000002323920 0000000019b63800
0x000000001efcf710:   000000001570e6d8 0000000019b63800
0x000000001efcf720:   000000001570e6d8 0000000019b63800
0x000000001efcf730:   0000000000000001 000000001570e6d8
0x000000001efcf740:   0000000019b63800 000000001fde5730
0x000000001efcf750:   0000000019b63800 0000000064fbd48d
0x000000001efcf760:   000000001efcfa68 00000001000068d0
0x000000001efcf770:   00000001000068d0 0000000000000000 

Instructions: (pc=0x000000006510d277)
0x000000006510d257:   48 89 6c 24 30 33 ed 66 90 e8 2b d4 07 00 ff c3
0x000000006510d267:   48 63 c8 48 8b c6 48 0f af cf 48 ff c7 48 2b c1
0x000000006510d277:   89 28 48 63 c3 48 3b 05 f5 94 57 00 7e db 48 8b
0x000000006510d287:   6c 24 30 48 8b 5c 24 38 48 8b 74 24 40 48 83 c4 


Register to memory mapping:

RAX=0x000000001efca680 is pointing into the stack for thread: 0x0000000019b63800
RBX=0x0000000000000006 is an unknown value
RCX=0x0000000000005000 is an unknown value
RDX=0x0000000000000006 is an unknown value
RSP=0x000000001efcf680 is pointing into the stack for thread: 0x0000000019b63800
RBP=0x0000000000000000 is an unknown value
RSI=0x000000001efcf680 is pointing into the stack for thread: 0x0000000019b63800
RDI=0x0000000000000006 is an unknown value
R8 =0x0000000000000006 is an unknown value
R9 =0x000000002606dd50 is an unknown value
R10={method} {0x000000001570e6e0} 'run' '()V' in 'java/lang/Thread'
R11=0x000000001eeda148 is pointing into the stack for thread: 0x0000000019b63800
R12=0x000000002606dd50 is an unknown value
R13=0x0000000019b63800 is a thread
R14=0x000000001efcf748 is pointing into the stack for thread: 0x0000000019b63800
R15={method} {0x000000001570e6e0} 'run' '()V' in 'java/lang/Thread'


Stack: [0x000000001eed0000,0x000000001efd0000],  sp=0x000000001efcf680,  free space=1021k
Native frames: (J=compiled Java code, j=interpreted, Vv=VM code, C=native code)


---------------  P R O C E S S  ---------------

Java Threads: ( => current thread )
  0x0000000019b68000 JavaThread "build operations Thread 8" [_thread_blocked, id=12544, stack(0x0000000022cc0000,0x0000000022dc0000)]
  0x0000000019b6e000 JavaThread "build operations Thread 7" [_thread_blocked, id=15276, stack(0x00000000227c0000,0x00000000228c0000)]
  0x0000000019b6c000 JavaThread "build operations Thread 6" [_thread_in_vm, id=8028, stack(0x00000000226c0000,0x00000000227c0000)]
  0x0000000019b69800 JavaThread "build operations Thread 5" [_thread_in_vm, id=17252, stack(0x00000000225c0000,0x00000000226c0000)]
  0x0000000019b67800 JavaThread "build operations Thread 4" [_thread_blocked, id=14804, stack(0x00000000224c0000,0x00000000225c0000)]
  0x0000000019b6d800 JavaThread "build operations Thread 3" [_thread_blocked, id=16800, stack(0x0000000021310000,0x0000000021410000)]
  0x0000000019b60000 JavaThread "build operations Thread 2" [_thread_blocked, id=4700, stack(0x0000000021210000,0x0000000021310000)]
=>0x0000000019b63800 JavaThread "build operations" [_thread_in_vm, id=12796, stack(0x000000001eed0000,0x000000001efd0000)]
  0x0000000019b66800 JavaThread "Cache worker for Artifact transforms cache (C:\Users\Franck\.gradle\caches\transforms-1)" [_thread_blocked, id=13316, stack(0x000000001cbd0000,0x000000001ccd0000)]
  0x0000000019b65000 JavaThread "Cache worker for file hash cache (D:\hackuniversity\android\.gradle\4.4\fileHashes)" [_thread_blocked, id=16760, stack(0x000000001cad0000,0x000000001cbd0000)]
  0x0000000019b63000 JavaThread "Stdin handler" [_thread_blocked, id=16804, stack(0x000000001b500000,0x000000001b600000)]
  0x0000000019b61800 JavaThread "Asynchronous log dispatcher for DefaultDaemonConnection: socket connection from /127.0.0.1:52250 to /127.0.0.1:53159" [_thread_blocked, id=4488, stack(0x000000001b400000,0x000000001b500000)]
  0x0000000019b62000 JavaThread "Daemon worker Thread 3" [_thread_blocked, id=12736, stack(0x000000001b300000,0x000000001b400000)]
  0x0000000019b5f000 JavaThread "Cancel handler" [_thread_blocked, id=15052, stack(0x000000001b200000,0x000000001b300000)]
  0x0000000019b66000 JavaThread "Handler for socket connection from /127.0.0.1:52250 to /127.0.0.1:53159" [_thread_in_native, id=11872, stack(0x000000001af00000,0x000000001b000000)]
  0x0000000019b60800 JavaThread "Daemon Thread 3" [_thread_blocked, id=1900, stack(0x000000001ae00000,0x000000001af00000)]
  0x00000000191ac800 JavaThread "Memory manager" [_thread_blocked, id=12520, stack(0x000000001f270000,0x000000001f370000)]
  0x000000001a0ba800 JavaThread "File lock request listener" [_thread_in_native, id=17124, stack(0x000000001ba00000,0x000000001bb00000)]
  0x000000001a374000 JavaThread "Cache worker for file hash cache (C:\Users\Franck\.gradle\caches\4.4\fileHashes)" [_thread_blocked, id=17196, stack(0x000000001b900000,0x000000001ba00000)]
  0x000000001a184000 JavaThread "Daemon periodic checks" [_thread_blocked, id=8844, stack(0x000000001ad00000,0x000000001ae00000)]
  0x000000001a181000 JavaThread "Incoming local TCP Connector on port 52250" [_thread_in_native, id=2940, stack(0x000000001aab0000,0x000000001abb0000)]
  0x0000000017f5f000 JavaThread "Service Thread" daemon [_thread_blocked, id=3668, stack(0x0000000018ba0000,0x0000000018ca0000)]
  0x0000000017ed1000 JavaThread "C1 CompilerThread3" daemon [_thread_blocked, id=10236, stack(0x0000000018aa0000,0x0000000018ba0000)]
  0x0000000017ecb000 JavaThread "C2 CompilerThread2" daemon [_thread_blocked, id=16300, stack(0x00000000189a0000,0x0000000018aa0000)]
  0x00000000160dd800 JavaThread "C2 CompilerThread1" daemon [_thread_blocked, id=13600, stack(0x00000000188a0000,0x00000000189a0000)]
  0x00000000160db000 JavaThread "C2 CompilerThread0" daemon [_thread_blocked, id=6496, stack(0x00000000187a0000,0x00000000188a0000)]
  0x0000000017ec5800 JavaThread "Attach Listener" daemon [_thread_blocked, id=11068, stack(0x00000000186a0000,0x00000000187a0000)]
  0x0000000017ec2800 JavaThread "Signal Dispatcher" daemon [_thread_blocked, id=4544, stack(0x00000000185a0000,0x00000000186a0000)]
  0x000000000230e000 JavaThread "Finalizer" daemon [_thread_blocked, id=10112, stack(0x0000000018390000,0x0000000018490000)]
  0x0000000002307000 JavaThread "Reference Handler" daemon [_thread_blocked, id=2600, stack(0x0000000018290000,0x0000000018390000)]
  0x0000000002212800 JavaThread "main" [_thread_blocked, id=3952, stack(0x00000000020d0000,0x00000000021d0000)]

Other Threads:
  0x00000000160c6800 VMThread [stack: 0x0000000017d90000,0x0000000017e90000] [id=17200]
  0x0000000017f12000 WatcherThread [stack: 0x0000000018ca0000,0x0000000018da0000] [id=7260]

VM state:synchronizing (normal execution)

VM Mutex/Monitor currently owned by a thread:  ([mutex/lock_event])
[0x000000000220d6c0] Threads_lock - owner thread: 0x00000000160c6800

heap address: 0x00000000a0000000, size: 1536 MB, Compressed Oops mode: 32-bit
Narrow klass base: 0x0000000000000000, Narrow klass shift: 3
Compressed class space size: 1073741824 Address: 0x0000000100000000

Heap:
 PSYoungGen      total 297984K, used 191021K [0x00000000e0000000, 0x00000000f9700000, 0x0000000100000000)
  eden space 211968K, 69% used [0x00000000e0000000,0x00000000e8f2a0f8,0x00000000ecf00000)
  from space 86016K, 51% used [0x00000000ecf00000,0x00000000efa616b0,0x00000000f2300000)
  to   space 85504K, 0% used [0x00000000f4380000,0x00000000f4380000,0x00000000f9700000)
 ParOldGen       total 444416K, used 224126K [0x00000000a0000000, 0x00000000bb200000, 0x00000000e0000000)
  object space 444416K, 50% used [0x00000000a0000000,0x00000000adadf948,0x00000000bb200000)
 Metaspace       used 88276K, capacity 91870K, committed 92308K, reserved 1130496K
  class space    used 11372K, capacity 12117K, committed 12220K, reserved 1048576K

Card table byte_map: [0x00000000116d0000,0x00000000119e0000] byte_map_base: 0x00000000111d0000

Marking Bits: (ParMarkBitMap*) 0x00000000656e9f30
 Begin Bits: [0x00000000123e0000, 0x0000000013be0000)
 End Bits:   [0x0000000013be0000, 0x00000000153e0000)

Polling page: 0x0000000000660000

CodeCache: size=245760Kb used=47742Kb max_used=48173Kb free=198017Kb
 bounds [0x0000000002310000, 0x0000000005270000, 0x0000000011310000]
 total_blobs=14887 nmethods=14002 adapters=797
 compilation: enabled

Compilation events (10 events):
Event: 2481.821 Thread 0x0000000017ed1000 17814       3       org.gradle.api.internal.artifacts.repositories.resolver.MavenResolver$MavenLocalRepositoryAccess::resolveModuleArtifacts (95 bytes)
Event: 2481.823 Thread 0x0000000017ed1000 nmethod 17814 0x0000000004fce790 code [0x0000000004fcea40, 0x0000000004fcfbe8]
Event: 2481.823 Thread 0x0000000017ed1000 17815       3       org.gradle.internal.component.external.model.DefaultMavenModuleResolveMetadata::isKnownJarPackaging (13 bytes)
Event: 2481.824 Thread 0x0000000017ed1000 nmethod 17815 0x0000000004e0ca90 code [0x0000000004e0cc00, 0x0000000004e0ce68]
Event: 2481.824 Thread 0x0000000017ed1000 17816       3       org.gradle.internal.component.external.model.FixedComponentArtifacts::<init> (13 bytes)
Event: 2481.825 Thread 0x0000000017ed1000 nmethod 17816 0x0000000002f8b010 code [0x0000000002f8b1e0, 0x0000000002f8b938]
Event: 2481.825 Thread 0x0000000017ed1000 17817       3       org.gradle.internal.component.external.model.DefaultMavenModuleResolveMetadata::artifact (8 bytes)
Event: 2481.827 Thread 0x0000000017ed1000 nmethod 17817 0x0000000004c0c490 code [0x0000000004c0c660, 0x0000000004c0cf08]
Event: 2481.827 Thread 0x0000000017ed1000 17818       3       org.gradle.internal.component.external.model.AbstractModuleComponentResolveMetadata::artifact (35 bytes)
Event: 2481.828 Thread 0x0000000017ed1000 nmethod 17818 0x000000000477e410 code [0x000000000477e5e0, 0x000000000477eec8]

GC Heap History (10 events):
Event: 1394.006 GC heap before
{Heap before GC invocations=24 (full 4):
 PSYoungGen      total 193024K, used 187392K [0x00000000e0000000, 0x00000000f1600000, 0x0000000100000000)
  eden space 187392K, 100% used [0x00000000e0000000,0x00000000eb700000,0x00000000eb700000)
  from space 5632K, 0% used [0x00000000ebd00000,0x00000000ebd00000,0x00000000ec280000)
  to   space 48640K, 0% used [0x00000000ee680000,0x00000000ee680000,0x00000000f1600000)
 ParOldGen       total 248832K, used 82272K [0x00000000a0000000, 0x00000000af300000, 0x00000000e0000000)
  object space 248832K, 33% used [0x00000000a0000000,0x00000000a50583f0,0x00000000af300000)
 Metaspace       used 85503K, capacity 89120K, committed 89236K, reserved 1126400K
  class space    used 11104K, capacity 11854K, committed 11964K, reserved 1048576K
Event: 1394.050 GC heap after
Heap after GC invocations=24 (full 4):
 PSYoungGen      total 220160K, used 48609K [0x00000000e0000000, 0x00000000f4b00000, 0x0000000100000000)
  eden space 171520K, 0% used [0x00000000e0000000,0x00000000e0000000,0x00000000ea780000)
  from space 48640K, 99% used [0x00000000ee680000,0x00000000f15f85e8,0x00000000f1600000)
  to   space 64512K, 0% used [0x00000000ea780000,0x00000000ea780000,0x00000000ee680000)
 ParOldGen       total 248832K, used 101688K [0x00000000a0000000, 0x00000000af300000, 0x00000000e0000000)
  object space 248832K, 40% used [0x00000000a0000000,0x00000000a634e108,0x00000000af300000)
 Metaspace       used 85503K, capacity 89120K, committed 89236K, reserved 1126400K
  class space    used 11104K, capacity 11854K, committed 11964K, reserved 1048576K
}
Event: 1395.281 GC heap before
{Heap before GC invocations=25 (full 4):
 PSYoungGen      total 220160K, used 219655K [0x00000000e0000000, 0x00000000f4b00000, 0x0000000100000000)
  eden space 171520K, 99% used [0x00000000e0000000,0x00000000ea7099a0,0x00000000ea780000)
  from space 48640K, 99% used [0x00000000ee680000,0x00000000f15f85e8,0x00000000f1600000)
  to   space 64512K, 0% used [0x00000000ea780000,0x00000000ea780000,0x00000000ee680000)
 ParOldGen       total 248832K, used 101688K [0x00000000a0000000, 0x00000000af300000, 0x00000000e0000000)
  object space 248832K, 40% used [0x00000000a0000000,0x00000000a634e108,0x00000000af300000)
 Metaspace       used 85930K, capacity 89554K, committed 89748K, reserved 1126400K
  class space    used 11111K, capacity 11857K, committed 11964K, reserved 1048576K
Event: 1395.361 GC heap after
Heap after GC invocations=25 (full 4):
 PSYoungGen      total 236032K, used 64487K [0x00000000e0000000, 0x00000000f7a00000, 0x0000000100000000)
  eden space 171520K, 0% used [0x00000000e0000000,0x00000000e0000000,0x00000000ea780000)
  from space 64512K, 99% used [0x00000000ea780000,0x00000000ee679ca8,0x00000000ee680000)
  to   space 89088K, 0% used [0x00000000f2300000,0x00000000f2300000,0x00000000f7a00000)
 ParOldGen       total 248832K, used 137755K [0x00000000a0000000, 0x00000000af300000, 0x00000000e0000000)
  object space 248832K, 55% used [0x00000000a0000000,0x00000000a8686eb8,0x00000000af300000)
 Metaspace       used 85930K, capacity 89554K, committed 89748K, reserved 1126400K
  class space    used 11111K, capacity 11857K, committed 11964K, reserved 1048576K
}
Event: 1396.621 GC heap before
{Heap before GC invocations=26 (full 4):
 PSYoungGen      total 236032K, used 236007K [0x00000000e0000000, 0x00000000f7a00000, 0x0000000100000000)
  eden space 171520K, 100% used [0x00000000e0000000,0x00000000ea780000,0x00000000ea780000)
  from space 64512K, 99% used [0x00000000ea780000,0x00000000ee679ca8,0x00000000ee680000)
  to   space 89088K, 0% used [0x00000000f2300000,0x00000000f2300000,0x00000000f7a00000)
 ParOldGen       total 248832K, used 137755K [0x00000000a0000000, 0x00000000af300000, 0x00000000e0000000)
  object space 248832K, 55% used [0x00000000a0000000,0x00000000a8686eb8,0x00000000af300000)
 Metaspace       used 86125K, capacity 89772K, committed 90004K, reserved 1128448K
  class space    used 11112K, capacity 11858K, committed 11964K, reserved 1048576K
Event: 1396.700 GC heap after
Heap after GC invocations=26 (full 4):
 PSYoungGen      total 301056K, used 38465K [0x00000000e0000000, 0x00000000f7a00000, 0x0000000100000000)
  eden space 211968K, 0% used [0x00000000e0000000,0x00000000e0000000,0x00000000ecf00000)
  from space 89088K, 43% used [0x00000000f2300000,0x00000000f4890728,0x00000000f7a00000)
  to   space 86016K, 0% used [0x00000000ecf00000,0x00000000ecf00000,0x00000000f2300000)
 ParOldGen       total 248832K, used 200101K [0x00000000a0000000, 0x00000000af300000, 0x00000000e0000000)
  object space 248832K, 80% used [0x00000000a0000000,0x00000000ac369768,0x00000000af300000)
 Metaspace       used 86125K, capacity 89772K, committed 90004K, reserved 1128448K
  class space    used 11112K, capacity 11858K, committed 11964K, reserved 1048576K
}
Event: 1396.700 GC heap before
{Heap before GC invocations=27 (full 5):
 PSYoungGen      total 301056K, used 38465K [0x00000000e0000000, 0x00000000f7a00000, 0x0000000100000000)
  eden space 211968K, 0% used [0x00000000e0000000,0x00000000e0000000,0x00000000ecf00000)
  from space 89088K, 43% used [0x00000000f2300000,0x00000000f4890728,0x00000000f7a00000)
  to   space 86016K, 0% used [0x00000000ecf00000,0x00000000ecf00000,0x00000000f2300000)
 ParOldGen       total 248832K, used 200101K [0x00000000a0000000, 0x00000000af300000, 0x00000000e0000000)
  object space 248832K, 80% used [0x00000000a0000000,0x00000000ac369768,0x00000000af300000)
 Metaspace       used 86125K, capacity 89772K, committed 90004K, reserved 1128448K
  class space    used 11112K, capacity 11858K, committed 11964K, reserved 1048576K
Event: 1397.575 GC heap after
Heap after GC invocations=27 (full 5):
 PSYoungGen      total 301056K, used 0K [0x00000000e0000000, 0x00000000f7a00000, 0x0000000100000000)
  eden space 211968K, 0% used [0x00000000e0000000,0x00000000e0000000,0x00000000ecf00000)
  from space 89088K, 0% used [0x00000000f2300000,0x00000000f2300000,0x00000000f7a00000)
  to   space 86016K, 0% used [0x00000000ecf00000,0x00000000ecf00000,0x00000000f2300000)
 ParOldGen       total 444416K, used 224118K [0x00000000a0000000, 0x00000000bb200000, 0x00000000e0000000)
  object space 444416K, 50% used [0x00000000a0000000,0x00000000adadd948,0x00000000bb200000)
 Metaspace       used 85887K, capacity 89114K, committed 90004K, reserved 1128448K
  class space    used 11029K, capacity 11713K, committed 11964K, reserved 1048576K
}
Event: 1400.292 GC heap before
{Heap before GC invocations=28 (full 5):
 PSYoungGen      total 301056K, used 209847K [0x00000000e0000000, 0x00000000f7a00000, 0x0000000100000000)
  eden space 211968K, 98% used [0x00000000e0000000,0x00000000eccedee0,0x00000000ecf00000)
  from space 89088K, 0% used [0x00000000f2300000,0x00000000f2300000,0x00000000f7a00000)
  to   space 86016K, 0% used [0x00000000ecf00000,0x00000000ecf00000,0x00000000f2300000)
 ParOldGen       total 444416K, used 224118K [0x00000000a0000000, 0x00000000bb200000, 0x00000000e0000000)
  object space 444416K, 50% used [0x00000000a0000000,0x00000000adadd948,0x00000000bb200000)
 Metaspace       used 87415K, capacity 90810K, committed 91412K, reserved 1128448K
  class space    used 11226K, capacity 11933K, committed 12092K, reserved 1048576K
Event: 1400.318 GC heap after
Heap after GC invocations=28 (full 5):
 PSYoungGen      total 297984K, used 44421K [0x00000000e0000000, 0x00000000f9700000, 0x0000000100000000)
  eden space 211968K, 0% used [0x00000000e0000000,0x00000000e0000000,0x00000000ecf00000)
  from space 86016K, 51% used [0x00000000ecf00000,0x00000000efa616b0,0x00000000f2300000)
  to   space 85504K, 0% used [0x00000000f4380000,0x00000000f4380000,0x00000000f9700000)
 ParOldGen       total 444416K, used 224126K [0x00000000a0000000, 0x00000000bb200000, 0x00000000e0000000)
  object space 444416K, 50% used [0x00000000a0000000,0x00000000adadf948,0x00000000bb200000)
 Metaspace       used 87415K, capacity 90810K, committed 91412K, reserved 1128448K
  class space    used 11226K, capacity 11933K, committed 12092K, reserved 1048576K
}

Deoptimization events (10 events):
Event: 1400.575 Thread 0x0000000019b65000 Uncommon trap: reason=class_check action=maybe_recompile pc=0x00000000027f09c8 method=com.android.apkzlib.zip.ZipField.checkVerifiesInvariants(J)V @ 25
Event: 1400.641 Thread 0x0000000019b65000 Uncommon trap: reason=bimorphic action=maybe_recompile pc=0x000000000500e220 method=java.util.stream.StreamOpFlag.fromCharacteristics(Ljava/util/Spliterator;)I @ 14
Event: 1400.641 Thread 0x0000000019b65000 Uncommon trap: reason=bimorphic action=maybe_recompile pc=0x000000000500e220 method=java.util.stream.StreamOpFlag.fromCharacteristics(Ljava/util/Spliterator;)I @ 14
Event: 1400.718 Thread 0x0000000019b65000 Uncommon trap: reason=class_check action=maybe_recompile pc=0x00000000045c38a8 method=com.android.apkzlib.zip.ZipField.checkVerifiesInvariants(J)V @ 25
Event: 1400.773 Thread 0x0000000019b65000 Uncommon trap: reason=array_check action=maybe_recompile pc=0x0000000003b0d330 method=com.google.common.collect.RegularImmutableMap.fromEntryArray(I[Ljava/util/Map$Entry;)Lcom/google/common/collect/RegularImmutableMap; @ 200
Event: 1400.783 Thread 0x0000000019b65000 Uncommon trap: reason=array_check action=maybe_recompile pc=0x0000000003b0d330 method=com.google.common.collect.RegularImmutableMap.fromEntryArray(I[Ljava/util/Map$Entry;)Lcom/google/common/collect/RegularImmutableMap; @ 200
Event: 1400.887 Thread 0x00000000191b0800 Uncommon trap: reason=array_check action=maybe_recompile pc=0x0000000003b0d330 method=com.google.common.collect.RegularImmutableMap.fromEntryArray(I[Ljava/util/Map$Entry;)Lcom/google/common/collect/RegularImmutableMap; @ 200
Event: 2481.248 Thread 0x0000000019b62000 Uncommon trap: reason=class_check action=maybe_recompile pc=0x00000000031c1f68 method=java.util.Formatter.format(Ljava/util/Locale;Ljava/lang/String;[Ljava/lang/Object;)Ljava/util/Formatter; @ 76
Event: 2481.289 Thread 0x0000000019b62000 Uncommon trap: reason=predicate action=maybe_recompile pc=0x0000000004ae0f64 method=com.google.common.collect.ImmutableSet.construct(I[Ljava/lang/Object;)Lcom/google/common/collect/ImmutableSet; @ 71
Event: 2481.458 Thread 0x0000000019b62000 Uncommon trap: reason=unstable_if action=reinterpret pc=0x0000000003b916c4 method=org.gradle.internal.file.DefaultFileHierarchySet$Node.contains(Ljava/lang/String;I)Z @ 55

Classes redefined (0 events):
No events

Internal exceptions (10 events):
Event: 1393.984 Thread 0x0000000019b68000 Implicit null exception at 0x00000000031e37ef to 0x00000000031e38e1
Event: 1393.984 Thread 0x0000000019b6e000 Implicit null exception at 0x00000000031e37ef to 0x00000000031e38e1
Event: 1394.446 Thread 0x0000000019b6c800 Implicit null exception at 0x0000000004d1cffc to 0x0000000004d20801
Event: 1395.496 Thread 0x0000000019b65000 Implicit null exception at 0x0000000003e760fa to 0x0000000003e7632d
Event: 1396.274 Thread 0x0000000019b6e000 Implicit null exception at 0x000000000462f58f to 0x000000000462f701
Event: 1397.825 Thread 0x0000000019b6c800 Exception <a 'sun/nio/fs/WindowsException'> (0x00000000e63d1698) thrown at [D:\src\AOSP-openjdk-cygwin\jdk8u\hotspot\src\share\vm\prims\jni.cpp, line 710]
Event: 1398.158 Thread 0x0000000019b6e000 Exception <a 'sun/nio/fs/WindowsException'> (0x00000000e7737cc8) thrown at [D:\src\AOSP-openjdk-cygwin\jdk8u\hotspot\src\share\vm\prims\jni.cpp, line 710]
Event: 1398.852 Thread 0x0000000019b65000 Exception <a 'java/lang/NoSuchMethodError': java.lang.Object.lambda$asRunnable$0(Lcom/android/apkzlib/utils/IOExceptionRunnable;)V> (0x00000000e8b66fd8) thrown at [D:\src\AOSP-openjdk-cygwin\jdk8u\hotspot\src\share\vm\interpreter\linkResolver.cpp, line 62
Event: 1400.088 Thread 0x0000000019b65000 Exception <a 'java/lang/NoSuchMethodError': java.lang.Object.lambda$comparing$ea9a8b3a$1(Ljava/util/Comparator;Ljava/util/function/Function;Ljava/lang/Object;Ljava/lang/Object;)I> (0x00000000ea743138) thrown at [D:\src\AOSP-openjdk-cygwin\jdk8u\hotspot\sr
Event: 1400.133 Thread 0x0000000019b65000 Exception <a 'java/lang/NoSuchMethodError': java.lang.Object.lambda$or$2(Ljava/util/function/Predicate;Ljava/lang/Object;)Z> (0x00000000ec43bd00) thrown at [D:\src\AOSP-openjdk-cygwin\jdk8u\hotspot\src\share\vm\interpreter\linkResolver.cpp, line 620]

Events (10 events):
Event: 2481.828 Thread 0x0000000019b60000 Thread added: 0x0000000019b60000
Event: 2481.828 Thread 0x0000000019b6d800 Thread added: 0x0000000019b6d800
Event: 2481.828 Thread 0x0000000019b67800 Thread added: 0x0000000019b67800
Event: 2481.828 Thread 0x0000000019b69800 Thread added: 0x0000000019b69800
Event: 2481.828 Thread 0x0000000019b6c000 Thread added: 0x0000000019b6c000
Event: 2481.828 Thread 0x0000000019b6e000 Thread added: 0x0000000019b6e000
Event: 2481.830 Thread 0x0000000019b68000 Thread added: 0x0000000019b68000
Event: 2481.830 Executing VM operation: RevokeBias
Event: 2481.833 Executing VM operation: RevokeBias done
Event: 2481.835 Executing VM operation: RevokeBias


Dynamic libraries:
0x00007ff653150000 - 0x00007ff653181000 	C:\Program Files\Android\Android Studio1\jre\bin\java.exe
0x00007ffca20a0000 - 0x00007ffca2290000 	C:\WINDOWS\SYSTEM32\ntdll.dll
0x00007ffc8dca0000 - 0x00007ffc8dcb4000 	C:\Program Files\AVAST Software\Avast\aswhook.dll
0x00007ffca1800000 - 0x00007ffca18b2000 	C:\WINDOWS\System32\KERNEL32.DLL
0x00007ffc9f080000 - 0x00007ffc9f323000 	C:\WINDOWS\System32\KERNELBASE.dll
0x00007ffca18c0000 - 0x00007ffca1963000 	C:\WINDOWS\System32\ADVAPI32.dll
0x00007ffca0c30000 - 0x00007ffca0cce000 	C:\WINDOWS\System32\msvcrt.dll
0x00007ffca0930000 - 0x00007ffca09c7000 	C:\WINDOWS\System32\sechost.dll
0x00007ffca0350000 - 0x00007ffca0470000 	C:\WINDOWS\System32\RPCRT4.dll
0x00007ffca1650000 - 0x00007ffca17e4000 	C:\WINDOWS\System32\USER32.dll
0x00007ffc9fc80000 - 0x00007ffc9fca1000 	C:\WINDOWS\System32\win32u.dll
0x00007ffca0900000 - 0x00007ffca0926000 	C:\WINDOWS\System32\GDI32.dll
0x00007ffc9fce0000 - 0x00007ffc9fe74000 	C:\WINDOWS\System32\gdi32full.dll
0x00007ffca00b0000 - 0x00007ffca014e000 	C:\WINDOWS\System32\msvcp_win.dll
0x00007ffc9f350000 - 0x00007ffc9f44a000 	C:\WINDOWS\System32\ucrtbase.dll
0x00007ffc905e0000 - 0x00007ffc90865000 	C:\WINDOWS\WinSxS\amd64_microsoft.windows.common-controls_6595b64144ccf1df_6.0.18362.418_none_e6c6b287130d565d\COMCTL32.dll
0x00007ffca1300000 - 0x00007ffca1636000 	C:\WINDOWS\System32\combase.dll
0x00007ffc9fee0000 - 0x00007ffc9ff60000 	C:\WINDOWS\System32\bcryptPrimitives.dll
0x00007ffca0f70000 - 0x00007ffca0f9e000 	C:\WINDOWS\System32\IMM32.DLL
0x0000000066270000 - 0x0000000066342000 	C:\Program Files\Android\Android Studio1\jre\jre\bin\msvcr100.dll
0x0000000064f20000 - 0x0000000065766000 	C:\Program Files\Android\Android Studio1\jre\jre\bin\server\jvm.dll
0x00007ffca1640000 - 0x00007ffca1648000 	C:\WINDOWS\System32\PSAPI.DLL
0x00007ffc8dc80000 - 0x00007ffc8dc89000 	C:\WINDOWS\SYSTEM32\WSOCK32.dll
0x00007ffca0bc0000 - 0x00007ffca0c2f000 	C:\WINDOWS\System32\WS2_32.dll
0x00007ffc99440000 - 0x00007ffc99464000 	C:\WINDOWS\SYSTEM32\WINMM.dll
0x00007ffc98d30000 - 0x00007ffc98d3a000 	C:\WINDOWS\SYSTEM32\VERSION.dll
0x00007ffc99390000 - 0x00007ffc993bd000 	C:\WINDOWS\SYSTEM32\WINMMBASE.dll
0x00007ffc9f030000 - 0x00007ffc9f07a000 	C:\WINDOWS\System32\cfgmgr32.dll
0x00007ffc9b8e0000 - 0x00007ffc9b8ef000 	C:\Program Files\Android\Android Studio1\jre\jre\bin\verify.dll
0x00007ffc8f870000 - 0x00007ffc8f899000 	C:\Program Files\Android\Android Studio1\jre\jre\bin\java.dll
0x00007ffc8f4e0000 - 0x00007ffc8f4f6000 	C:\Program Files\Android\Android Studio1\jre\jre\bin\zip.dll
0x00007ffca1970000 - 0x00007ffca2055000 	C:\WINDOWS\System32\SHELL32.dll
0x00007ffca10f0000 - 0x00007ffca1199000 	C:\WINDOWS\System32\shcore.dll
0x00007ffc9f450000 - 0x00007ffc9fbcf000 	C:\WINDOWS\System32\windows.storage.dll
0x00007ffc9ef80000 - 0x00007ffc9ef9f000 	C:\WINDOWS\System32\profapi.dll
0x00007ffc9efc0000 - 0x00007ffc9f00a000 	C:\WINDOWS\System32\powrprof.dll
0x00007ffc9ef70000 - 0x00007ffc9ef80000 	C:\WINDOWS\System32\UMPDC.dll
0x00007ffca0f10000 - 0x00007ffca0f62000 	C:\WINDOWS\System32\shlwapi.dll
0x00007ffc9f010000 - 0x00007ffc9f021000 	C:\WINDOWS\System32\kernel.appcore.dll
0x00007ffc9f330000 - 0x00007ffc9f347000 	C:\WINDOWS\System32\cryptsp.dll
0x00007ffc8c320000 - 0x00007ffc8c33a000 	C:\Program Files\Android\Android Studio1\jre\jre\bin\net.dll
0x00007ffc9e7e0000 - 0x00007ffc9e847000 	C:\WINDOWS\system32\mswsock.dll
0x00007ffc8c2a0000 - 0x00007ffc8c2b1000 	C:\Program Files\Android\Android Studio1\jre\jre\bin\nio.dll
0x00007ffc9b940000 - 0x00007ffc9b95e000 	C:\Users\Franck\.gradle\native\25\windows-amd64\native-platform.dll
0x00007ffc9a700000 - 0x00007ffc9a70d000 	C:\Program Files\Android\Android Studio1\jre\jre\bin\management.dll
0x00007ffc9e350000 - 0x00007ffc9e383000 	C:\WINDOWS\system32\rsaenh.dll
0x00007ffc9fcb0000 - 0x00007ffc9fcd6000 	C:\WINDOWS\System32\bcrypt.dll
0x00007ffc9ee90000 - 0x00007ffc9eeb5000 	C:\WINDOWS\SYSTEM32\USERENV.dll
0x00007ffc9e9b0000 - 0x00007ffc9e9bc000 	C:\WINDOWS\SYSTEM32\CRYPTBASE.dll
0x00007ffc9e4f0000 - 0x00007ffc9e52a000 	C:\WINDOWS\SYSTEM32\IPHLPAPI.DLL
0x00007ffca17f0000 - 0x00007ffca17f8000 	C:\WINDOWS\System32\NSI.dll
0x00007ffc96a30000 - 0x00007ffc96a46000 	C:\WINDOWS\SYSTEM32\dhcpcsvc6.DLL
0x00007ffc978f0000 - 0x00007ffc9790c000 	C:\WINDOWS\SYSTEM32\dhcpcsvc.DLL
0x00007ffc9e530000 - 0x00007ffc9e5fa000 	C:\WINDOWS\SYSTEM32\DNSAPI.dll
0x00007ffc78570000 - 0x00007ffc78594000 	C:\Program Files\Android\Android Studio1\jre\jre\bin\sunec.dll
0x00007ffc8f4d0000 - 0x00007ffc8f4da000 	C:\Windows\System32\rasadhlp.dll
0x00007ffc93e20000 - 0x00007ffc93e97000 	C:\WINDOWS\System32\fwpuclnt.dll
0x00007ffc8f730000 - 0x00007ffc8f73b000 	C:\Program Files\Android\Android Studio1\jre\jre\bin\sunmscapi.dll
0x00007ffc9ff60000 - 0x00007ffca00a9000 	C:\WINDOWS\System32\CRYPT32.dll
0x00007ffc9efa0000 - 0x00007ffc9efb2000 	C:\WINDOWS\System32\MSASN1.dll

VM Arguments:
jvm_args: -Xmx1536m -Dfile.encoding=windows-1251 -Duser.country=RU -Duser.language=ru -Duser.variant 
java_command: org.gradle.launcher.daemon.bootstrap.GradleDaemon 4.4
java_class_path (initial): C:\Users\Franck\.gradle\wrapper\dists\gradle-4.4-all\9br9xq1tocpiv8o6njlyu5op1\gradle-4.4\lib\gradle-launcher-4.4.jar
Launcher Type: SUN_STANDARD

Environment Variables:
JAVA_HOME=C:\Program Files\Java\jdk1.8.0_171
PATH=C:\Program Files (x86)\Common Files\Oracle\Java\javapath;C:\Program Files (x86)\Common Files\Intel\Shared Libraries\redist\intel64\compiler;C:\WINDOWS\system32;C:\WINDOWS;C:\WINDOWS\System32\Wbem;C:\WINDOWS\System32\WindowsPowerShell\v1.0\;C:\Program Files\Git\cmd;C:\FPC\2.6.4\bin\i386-Win32;C:\PostgreSQL\pg10\bin;C:\WINDOWS\System32\OpenSSH\;C:\Anaconda;C:\Program Files (x86)\Microsoft SQL Server\Client SDK\ODBC\130\Tools\Binn\;C:\Program Files (x86)\Microsoft SQL Server\140\Tools\Binn\;C:\Program Files (x86)\Microsoft SQL Server\140\DTS\Binn\;C:\Program Files (x86)\Microsoft SQL Server\140\Tools\Binn\ManagementStudio\;C:\Program Files\Geth;C:\Program Files (x86)\QuickTime\QTSystem\;C:\Program Files\dotnet\;C:\Program Files (x86)\dotnet\;C:\Go\bin;C:\Program Files\PuTTY\;C:\Users\Franck\AppData\Roaming\nvm;C:\Program Files\nodejs;D:\ANACONDA;D:\ANACONDA\Library\mingw-w64\bin;D:\ANACONDA\Library\usr\bin;D:\ANACONDA\Library\bin;D:\ANACONDA\Scripts;C:\Users\Franck\AppData\Local\Microsoft\WindowsApps;C:\Users\Franck\AppData\Local\now-cli;C:\Program Files\expload\pravda\bin;C:\Users\Franck\.dotnet\tools;C:\Users\Franck\go\bin;D:\golang\GoLand 2018.3.1\bin;;C:\adb;C:\Program Files\Java\jdk1.7.0_80\bin;D:\Microsoft VS Code\bin;D:\download\flutter_windows_v1.5.4-hotfix.2-stable\flutter\bin;D:\Android\Sdk\platform-tools;D:\Android\Sdk\platform;D:\Android\Sdk;D:\green_certif\greencertificates\node_modules\sleep\build\binding.sln;C:\Users\Franck\AppData\Roaming\npm;C:\Users\Franck\AppData\Roaming\nvm;C:\Program Files\nodejs;C:\Program Files\heroku\bin;C:\Users\Franck\AppData\Local\Microsoft\WindowsApps;;D:\GAMENODE\JetBrains Rider 2019.2.2\bin;
USERNAME=Franck
OS=Windows_NT
PROCESSOR_IDENTIFIER=Intel64 Family 6 Model 60 Stepping 3, GenuineIntel



---------------  S Y S T E M  ---------------

OS: Windows 10.0 , 64 bit Build 18362 (10.0.18362.329)

CPU:total 8 (initial active 8) (4 cores per cpu, 2 threads per core) family 6 model 60 stepping 3, cmov, cx8, fxsr, mmx, sse, sse2, sse3, ssse3, sse4.1, sse4.2, popcnt, avx, avx2, aes, clmul, erms, lzcnt, ht, tsc, tscinvbit, bmi1, bmi2

Memory: 4k page, physical 8305716k(372372k free), swap 10865716k(988k free)

vm_info: OpenJDK 64-Bit Server VM (25.202-b03) for windows-amd64 JRE (1.8.0_202-release-1483-b03), built by "builder" with MS VC++ 10.0 (VS2010)

time: Sat Oct 26 16:45:35 2019
timezone: Беларусь (зима)
elapsed time: 2481 seconds (0d 0h 41m 21s)

