#
# There is insufficient memory for the Java Runtime Environment to continue.
# Native memory allocation (malloc) failed to allocate 816656 bytes for Chunk::new
# Possible reasons:
#   The system is out of physical RAM or swap space
#   The process is running with CompressedOops enabled, and the Java Heap may be blocking the growth of the native heap
# Possible solutions:
#   Reduce memory load on the system
#   Increase physical memory or swap space
#   Check if swap backing store is full
#   Decrease Java heap size (-Xmx/-Xms)
#   Decrease number of Java threads
#   Decrease Java thread stack sizes (-Xss)
#   Set larger code cache with -XX:ReservedCodeCacheSize=
#   JVM is running with Unscaled Compressed Oops mode in which the Java heap is
#     placed in the first 4GB address space. The Java Heap base address is the
#     maximum limit for the native heap growth. Please use -XX:HeapBaseMinAddress
#     to set the Java Heap base and to place the Java Heap above 4GB virtual address.
# This output file may be truncated or incomplete.
#
#  Out of Memory Error (allocation.cpp:389), pid=3744, tid=0x0000000000004534
#
# JRE version: OpenJDK Runtime Environment (8.0_202-b03) (build 1.8.0_202-release-1483-b03)
# Java VM: OpenJDK 64-Bit Server VM (25.202-b03 mixed mode windows-amd64 compressed oops)
# Failed to write core dump. Minidumps are not enabled by default on client versions of Windows
#

---------------  T H R E A D  ---------------

Current thread (0x0000000018918000):  JavaThread "C2 CompilerThread1" daemon [_thread_in_native, id=17716, stack(0x0000000019300000,0x0000000019400000)]

Stack: [0x0000000019300000,0x0000000019400000]
[error occurred during error reporting (printing stack bounds), id 0xc0000005]

Native frames: (J=compiled Java code, j=interpreted, Vv=VM code, C=native code)


Current CompileTask:
C2:4173490 12129       4       org.objectweb.asm.Frame::a (2252 bytes)


---------------  P R O C E S S  ---------------

Java Threads: ( => current thread )
  0x0000000022a2a800 JavaThread "ForkJoinPool.commonPool-worker-0" daemon [_thread_blocked, id=3984, stack(0x00000000282f0000,0x00000000283f0000)]
  0x0000000022a23000 JavaThread "ForkJoinPool.commonPool-worker-7" daemon [_thread_blocked, id=14028, stack(0x00000000281f0000,0x00000000282f0000)]
  0x0000000022a29800 JavaThread "ForkJoinPool.commonPool-worker-6" daemon [_thread_blocked, id=8244, stack(0x00000000280f0000,0x00000000281f0000)]
  0x0000000022a24800 JavaThread "ForkJoinPool.commonPool-worker-5" daemon [_thread_blocked, id=4048, stack(0x0000000027ff0000,0x00000000280f0000)]
  0x0000000022a29000 JavaThread "ForkJoinPool.commonPool-worker-4" daemon [_thread_blocked, id=1844, stack(0x0000000027ef0000,0x0000000027ff0000)]
  0x0000000022a27800 JavaThread "ForkJoinPool.commonPool-worker-3" daemon [_thread_blocked, id=3680, stack(0x0000000027950000,0x0000000027a50000)]
  0x0000000022a25000 JavaThread "ForkJoinPool.commonPool-worker-2" daemon [_thread_blocked, id=7740, stack(0x0000000027850000,0x0000000027950000)]
  0x0000000020bac000 JavaThread "Cache worker for Java compile cache (D:\hackuniversity\android\.gradle\4.4\javaCompile)" [_thread_blocked, id=17052, stack(0x00000000257b0000,0x00000000258b0000)]
  0x0000000020ba3000 JavaThread "Task worker for ':' Thread 7" [_thread_blocked, id=19068, stack(0x0000000027550000,0x0000000027650000)]
  0x0000000020ba2000 JavaThread "Task worker for ':' Thread 6" [_thread_blocked, id=13276, stack(0x0000000027450000,0x0000000027550000)]
  0x0000000020ba8000 JavaThread "Task worker for ':' Thread 5" [_thread_blocked, id=9460, stack(0x0000000027350000,0x0000000027450000)]
  0x0000000020ba0800 JavaThread "Task worker for ':' Thread 4" [_thread_blocked, id=5660, stack(0x0000000027250000,0x0000000027350000)]
  0x0000000020ba7800 JavaThread "Task worker for ':' Thread 3" [_thread_blocked, id=1932, stack(0x0000000026e80000,0x0000000026f80000)]
  0x0000000020ba6000 JavaThread "Task worker for ':' Thread 2" [_thread_blocked, id=9484, stack(0x0000000026d80000,0x0000000026e80000)]
  0x0000000020ba1800 JavaThread "Task worker for ':'" [_thread_blocked, id=16264, stack(0x0000000026c80000,0x0000000026d80000)]
  0x0000000020ba6800 JavaThread "Cache worker for Build Output Cleanup Cache (D:\hackuniversity\android\.gradle\buildOutputCleanup)" [_thread_blocked, id=11084, stack(0x0000000026b80000,0x0000000026c80000)]
  0x0000000020ba5000 JavaThread "Cache worker for task history cache (D:\hackuniversity\android\.gradle\4.4\taskHistory)" [_thread_blocked, id=1708, stack(0x0000000025a20000,0x0000000025b20000)]
  0x000000002245d800 JavaThread "Cache worker for file content cache (D:\hackuniversity\android\.gradle\4.4\fileContent)" [_thread_blocked, id=16600, stack(0x00000000236a0000,0x00000000237a0000)]
  0x000000002245c800 JavaThread "build operations Thread 8" [_thread_blocked, id=3780, stack(0x0000000022ca0000,0x0000000022da0000)]
  0x000000002245c000 JavaThread "build operations Thread 7" [_thread_blocked, id=2264, stack(0x0000000022ba0000,0x0000000022ca0000)]
  0x000000002245b000 JavaThread "build operations Thread 6" [_thread_blocked, id=5524, stack(0x0000000022aa0000,0x0000000022ba0000)]
  0x000000002245a800 JavaThread "build operations Thread 5" [_thread_blocked, id=6824, stack(0x0000000021910000,0x0000000021a10000)]
  0x0000000022459800 JavaThread "build operations Thread 4" [_thread_blocked, id=11808, stack(0x0000000021810000,0x0000000021910000)]
  0x0000000022452000 JavaThread "build operations Thread 3" [_thread_blocked, id=12388, stack(0x0000000021480000,0x0000000021580000)]
  0x0000000022459000 JavaThread "build operations Thread 2" [_thread_blocked, id=8908, stack(0x000000001fce0000,0x000000001fde0000)]
  0x0000000022451800 JavaThread "build operations" [_thread_blocked, id=3552, stack(0x000000001f930000,0x000000001fa30000)]
  0x0000000022457800 JavaThread "Cache worker for Artifact transforms cache (C:\Users\Franck\.gradle\caches\transforms-1)" [_thread_blocked, id=7596, stack(0x000000001e620000,0x000000001e720000)]
  0x0000000022456800 JavaThread "Cache worker for file hash cache (D:\hackuniversity\android\.gradle\4.4\fileHashes)" [_thread_blocked, id=16568, stack(0x000000001d550000,0x000000001d650000)]
  0x0000000022458000 JavaThread "Stdin handler" [_thread_blocked, id=17836, stack(0x000000001bf80000,0x000000001c080000)]
  0x0000000022450800 JavaThread "Asynchronous log dispatcher for DefaultDaemonConnection: socket connection from /127.0.0.1:53514 to /127.0.0.1:54419" [_thread_blocked, id=6108, stack(0x000000001be80000,0x000000001bf80000)]
  0x000000002244f000 JavaThread "Daemon worker Thread 2" [_thread_blocked, id=4724, stack(0x000000001bd80000,0x000000001be80000)]
  0x0000000022454800 JavaThread "Cancel handler" [_thread_blocked, id=17680, stack(0x000000001bc80000,0x000000001bd80000)]
  0x0000000022456000 JavaThread "Handler for socket connection from /127.0.0.1:53514 to /127.0.0.1:54419" [_thread_in_native, id=11596, stack(0x000000001b980000,0x000000001ba80000)]
  0x0000000022453800 JavaThread "Daemon Thread 2" [_thread_blocked, id=17828, stack(0x000000001b880000,0x000000001b980000)]
  0x0000000020ba9800 JavaThread "Memory manager" [_thread_blocked, id=5304, stack(0x00000000233a0000,0x00000000234a0000)]
  0x000000001a8ec800 JavaThread "File lock request listener" [_thread_in_native, id=18960, stack(0x000000001c480000,0x000000001c580000)]
  0x000000001ae90000 JavaThread "Cache worker for file hash cache (C:\Users\Franck\.gradle\caches\4.4\fileHashes)" [_thread_blocked, id=18120, stack(0x000000001c380000,0x000000001c480000)]
  0x000000001ac72800 JavaThread "Daemon periodic checks" [_thread_blocked, id=228, stack(0x000000001b780000,0x000000001b880000)]
  0x000000001ac5e800 JavaThread "Incoming local TCP Connector on port 53514" [_thread_in_native, id=17428, stack(0x000000001b530000,0x000000001b630000)]
  0x0000000018988000 JavaThread "Service Thread" daemon [_thread_blocked, id=17552, stack(0x0000000019600000,0x0000000019700000)]
  0x0000000018928000 JavaThread "C1 CompilerThread3" daemon [_thread_in_vm, id=5440, stack(0x0000000019500000,0x0000000019600000)]
  0x0000000018920800 JavaThread "C2 CompilerThread2" daemon [_thread_in_native, id=5904, stack(0x0000000019400000,0x0000000019500000)]
=>0x0000000018918000 JavaThread "C2 CompilerThread1" daemon [_thread_in_native, id=17716, stack(0x0000000019300000,0x0000000019400000)]
  0x0000000018916800 JavaThread "C2 CompilerThread0" daemon [_thread_in_native, id=17996, stack(0x0000000019200000,0x0000000019300000)]
  0x0000000018914800 JavaThread "Attach Listener" daemon [_thread_blocked, id=17168, stack(0x0000000019100000,0x0000000019200000)]
  0x0000000018913800 JavaThread "Signal Dispatcher" daemon [_thread_blocked, id=17832, stack(0x0000000019000000,0x0000000019100000)]
  0x0000000018900800 JavaThread "Finalizer" daemon [_thread_blocked, id=11020, stack(0x0000000018de0000,0x0000000018ee0000)]
  0x0000000002d08000 JavaThread "Reference Handler" daemon [_thread_blocked, id=13220, stack(0x0000000018ce0000,0x0000000018de0000)]
  0x0000000002c12800 JavaThread "main" [_thread_blocked, id=15732, stack(0x0000000002b00000,0x0000000002c00000)]

Other Threads:
  0x0000000016af7000 VMThread [stack: 0x00000000187e0000,0x00000000188e0000] [id=10940]
  0x0000000018988800 WatcherThread [stack: 0x0000000019700000,0x0000000019800000] [id=7496]

VM state:not at safepoint (normal execution)

VM Mutex/Monitor currently owned by a thread: None

OutOfMemory and StackOverflow Exception counts:
OutOfMemoryError java_heap_errors=1

heap address: 0x00000000a0000000, size: 1536 MB, Compressed Oops mode: 32-bit
Narrow klass base: 0x0000000000000000, Narrow klass shift: 3
Compressed class space size: 1073741824 Address: 0x0000000100000000

Heap:
 PSYoungGen      total 199168K, used 49916K [0x00000000e0000000, 0x00000000f0d00000, 0x0000000100000000)
  eden space 162816K, 16% used [0x00000000e0000000,0x00000000e1a4ea90,0x00000000e9f00000)
  from space 36352K, 63% used [0x00000000e9f00000,0x00000000eb570870,0x00000000ec280000)
  to   space 37376K, 0% used [0x00000000ee880000,0x00000000ee880000,0x00000000f0d00000)
 ParOldGen       total 123904K, used 81638K [0x00000000a0000000, 0x00000000a7900000, 0x00000000e0000000)
  object space 123904K, 65% used [0x00000000a0000000,0x00000000a4fb9980,0x00000000a7900000)
 Metaspace       used 66157K, capacity 68072K, committed 68372K, reserved 1107968K
  class space    used 8465K, capacity 8971K, committed 9020K, reserved 1048576K

Card table byte_map: [0x00000000120e0000,0x00000000123f0000] byte_map_base: 0x0000000011be0000

Marking Bits: (ParMarkBitMap*) 0x0000000065279f30
 Begin Bits: [0x0000000012df0000, 0x00000000145f0000)
 End Bits:   [0x00000000145f0000, 0x0000000015df0000)

Polling page: 0x00000000011b0000

CodeCache: size=245760Kb used=34585Kb max_used=36435Kb free=211174Kb
 bounds [0x0000000002d20000, 0x0000000005110000, 0x0000000011d20000]
 total_blobs=10806 nmethods=10002 adapters=716
 compilation: enabled

Compilation events (10 events):
Event: 4173.473 Thread 0x0000000018928000 12146       3       java.nio.channels.Channels::access$000 (6 bytes)
Event: 4173.474 Thread 0x0000000018928000 nmethod 12146 0x0000000003696f90 code [0x0000000003697100, 0x0000000003697268]
Event: 4173.482 Thread 0x0000000018928000 12150       3       java.util.Vector$Itr::hasNext (20 bytes)
Event: 4173.483 Thread 0x0000000018928000 nmethod 12150 0x000000000474d6d0 code [0x000000000474d820, 0x000000000474d9d0]
Event: 4173.483 Thread 0x0000000018928000 12151   !   3       java.util.Vector$Itr::next (63 bytes)
Event: 4173.483 Thread 0x0000000018928000 nmethod 12151 0x0000000004b260d0 code [0x0000000004b26280, 0x0000000004b26978]
Event: 4173.483 Thread 0x0000000018928000 12152       3       java.util.Vector$Itr::checkForComodification (23 bytes)
Event: 4173.484 Thread 0x0000000018928000 nmethod 12152 0x0000000004981690 code [0x0000000004981800, 0x0000000004981a68]
Event: 4173.484 Thread 0x0000000018928000 12154       2       java.util.zip.ZipOutputStream::writeCEN (514 bytes)
Event: 4173.486 Thread 0x0000000018928000 nmethod 12154 0x0000000004a84e10 code [0x0000000004a85140, 0x0000000004a85bf8]

GC Heap History (10 events):
Event: 4166.324 GC heap before
{Heap before GC invocations=16 (full 2):
 PSYoungGen      total 147456K, used 34156K [0x00000000e0000000, 0x00000000ea280000, 0x0000000100000000)
  eden space 132608K, 14% used [0x00000000e0000000,0x00000000e12db810,0x00000000e8180000)
  from space 14848K, 99% used [0x00000000e8580000,0x00000000e93ff7f0,0x00000000e9400000)
  to   space 14848K, 0% used [0x00000000e9400000,0x00000000e9400000,0x00000000ea280000)
 ParOldGen       total 87040K, used 27574K [0x00000000a0000000, 0x00000000a5500000, 0x00000000e0000000)
  object space 87040K, 31% used [0x00000000a0000000,0x00000000a1aeda70,0x00000000a5500000)
 Metaspace       used 57136K, capacity 58952K, committed 59028K, reserved 1099776K
  class space    used 7554K, capacity 8071K, committed 8124K, reserved 1048576K
Event: 4166.334 GC heap after
Heap after GC invocations=16 (full 2):
 PSYoungGen      total 148992K, used 1248K [0x00000000e0000000, 0x00000000ec580000, 0x0000000100000000)
  eden space 134144K, 0% used [0x00000000e0000000,0x00000000e0000000,0x00000000e8300000)
  from space 14848K, 8% used [0x00000000e9400000,0x00000000e9538000,0x00000000ea280000)
  to   space 17408K, 0% used [0x00000000e8300000,0x00000000e8300000,0x00000000e9400000)
 ParOldGen       total 87040K, used 40584K [0x00000000a0000000, 0x00000000a5500000, 0x00000000e0000000)
  object space 87040K, 46% used [0x00000000a0000000,0x00000000a27a21a0,0x00000000a5500000)
 Metaspace       used 57136K, capacity 58952K, committed 59028K, reserved 1099776K
  class space    used 7554K, capacity 8071K, committed 8124K, reserved 1048576K
}
Event: 4166.334 GC heap before
{Heap before GC invocations=17 (full 3):
 PSYoungGen      total 148992K, used 1248K [0x00000000e0000000, 0x00000000ec580000, 0x0000000100000000)
  eden space 134144K, 0% used [0x00000000e0000000,0x00000000e0000000,0x00000000e8300000)
  from space 14848K, 8% used [0x00000000e9400000,0x00000000e9538000,0x00000000ea280000)
  to   space 17408K, 0% used [0x00000000e8300000,0x00000000e8300000,0x00000000e9400000)
 ParOldGen       total 87040K, used 40584K [0x00000000a0000000, 0x00000000a5500000, 0x00000000e0000000)
  object space 87040K, 46% used [0x00000000a0000000,0x00000000a27a21a0,0x00000000a5500000)
 Metaspace       used 57136K, capacity 58952K, committed 59028K, reserved 1099776K
  class space    used 7554K, capacity 8071K, committed 8124K, reserved 1048576K
Event: 4166.510 GC heap after
Heap after GC invocations=17 (full 3):
 PSYoungGen      total 148992K, used 0K [0x00000000e0000000, 0x00000000ec580000, 0x0000000100000000)
  eden space 134144K, 0% used [0x00000000e0000000,0x00000000e0000000,0x00000000e8300000)
  from space 14848K, 0% used [0x00000000e9400000,0x00000000e9400000,0x00000000ea280000)
  to   space 17408K, 0% used [0x00000000e8300000,0x00000000e8300000,0x00000000e9400000)
 ParOldGen       total 123904K, used 26006K [0x00000000a0000000, 0x00000000a7900000, 0x00000000e0000000)
  object space 123904K, 20% used [0x00000000a0000000,0x00000000a1965b38,0x00000000a7900000)
 Metaspace       used 56747K, capacity 58318K, committed 59028K, reserved 1099776K
  class space    used 7490K, capacity 7952K, committed 8124K, reserved 1048576K
}
Event: 4169.041 GC heap before
{Heap before GC invocations=18 (full 3):
 PSYoungGen      total 148992K, used 134144K [0x00000000e0000000, 0x00000000ec580000, 0x0000000100000000)
  eden space 134144K, 100% used [0x00000000e0000000,0x00000000e8300000,0x00000000e8300000)
  from space 14848K, 0% used [0x00000000e9400000,0x00000000e9400000,0x00000000ea280000)
  to   space 17408K, 0% used [0x00000000e8300000,0x00000000e8300000,0x00000000e9400000)
 ParOldGen       total 123904K, used 26006K [0x00000000a0000000, 0x00000000a7900000, 0x00000000e0000000)
  object space 123904K, 20% used [0x00000000a0000000,0x00000000a1965b38,0x00000000a7900000)
 Metaspace       used 61563K, capacity 63226K, committed 63892K, reserved 1103872K
  class space    used 8054K, capacity 8500K, committed 8636K, reserved 1048576K
Event: 4169.072 GC heap after
Heap after GC invocations=18 (full 3):
 PSYoungGen      total 151552K, used 17392K [0x00000000e0000000, 0x00000000ed880000, 0x0000000100000000)
  eden space 134144K, 0% used [0x00000000e0000000,0x00000000e0000000,0x00000000e8300000)
  from space 17408K, 99% used [0x00000000e8300000,0x00000000e93fc050,0x00000000e9400000)
  to   space 22528K, 0% used [0x00000000ec280000,0x00000000ec280000,0x00000000ed880000)
 ParOldGen       total 123904K, used 32839K [0x00000000a0000000, 0x00000000a7900000, 0x00000000e0000000)
  object space 123904K, 26% used [0x00000000a0000000,0x00000000a2011f90,0x00000000a7900000)
 Metaspace       used 61563K, capacity 63226K, committed 63892K, reserved 1103872K
  class space    used 8054K, capacity 8500K, committed 8636K, reserved 1048576K
}
Event: 4170.560 GC heap before
{Heap before GC invocations=19 (full 3):
 PSYoungGen      total 151552K, used 151536K [0x00000000e0000000, 0x00000000ed880000, 0x0000000100000000)
  eden space 134144K, 100% used [0x00000000e0000000,0x00000000e8300000,0x00000000e8300000)
  from space 17408K, 99% used [0x00000000e8300000,0x00000000e93fc050,0x00000000e9400000)
  to   space 22528K, 0% used [0x00000000ec280000,0x00000000ec280000,0x00000000ed880000)
 ParOldGen       total 123904K, used 32839K [0x00000000a0000000, 0x00000000a7900000, 0x00000000e0000000)
  object space 123904K, 26% used [0x00000000a0000000,0x00000000a2011f90,0x00000000a7900000)
 Metaspace       used 64072K, capacity 65766K, committed 66452K, reserved 1107968K
  class space    used 8273K, capacity 8732K, committed 8892K, reserved 1048576K
Event: 4170.598 GC heap after
Heap after GC invocations=19 (full 3):
 PSYoungGen      total 185344K, used 22513K [0x00000000e0000000, 0x00000000ef700000, 0x0000000100000000)
  eden space 162816K, 0% used [0x00000000e0000000,0x00000000e0000000,0x00000000e9f00000)
  from space 22528K, 99% used [0x00000000ec280000,0x00000000ed87c778,0x00000000ed880000)
  to   space 36352K, 0% used [0x00000000e9f00000,0x00000000e9f00000,0x00000000ec280000)
 ParOldGen       total 123904K, used 61658K [0x00000000a0000000, 0x00000000a7900000, 0x00000000e0000000)
  object space 123904K, 49% used [0x00000000a0000000,0x00000000a3c36868,0x00000000a7900000)
 Metaspace       used 64072K, capacity 65766K, committed 66452K, reserved 1107968K
  class space    used 8273K, capacity 8732K, committed 8892K, reserved 1048576K
}
Event: 4173.355 GC heap before
{Heap before GC invocations=20 (full 3):
 PSYoungGen      total 185344K, used 185329K [0x00000000e0000000, 0x00000000ef700000, 0x0000000100000000)
  eden space 162816K, 100% used [0x00000000e0000000,0x00000000e9f00000,0x00000000e9f00000)
  from space 22528K, 99% used [0x00000000ec280000,0x00000000ed87c778,0x00000000ed880000)
  to   space 36352K, 0% used [0x00000000e9f00000,0x00000000e9f00000,0x00000000ec280000)
 ParOldGen       total 123904K, used 61658K [0x00000000a0000000, 0x00000000a7900000, 0x00000000e0000000)
  object space 123904K, 49% used [0x00000000a0000000,0x00000000a3c36868,0x00000000a7900000)
 Metaspace       used 65945K, capacity 67880K, committed 68372K, reserved 1107968K
  class space    used 8444K, capacity 8971K, committed 9020K, reserved 1048576K
Event: 4173.402 GC heap after
Heap after GC invocations=20 (full 3):
 PSYoungGen      total 199168K, used 22978K [0x00000000e0000000, 0x00000000f0d00000, 0x0000000100000000)
  eden space 162816K, 0% used [0x00000000e0000000,0x00000000e0000000,0x00000000e9f00000)
  from space 36352K, 63% used [0x00000000e9f00000,0x00000000eb570870,0x00000000ec280000)
  to   space 37376K, 0% used [0x00000000ee880000,0x00000000ee880000,0x00000000f0d00000)
 ParOldGen       total 123904K, used 81638K [0x00000000a0000000, 0x00000000a7900000, 0x00000000e0000000)
  object space 123904K, 65% used [0x00000000a0000000,0x00000000a4fb9980,0x00000000a7900000)
 Metaspace       used 65945K, capacity 67880K, committed 68372K, reserved 1107968K
  class space    used 8444K, capacity 8971K, committed 9020K, reserved 1048576K
}

Deoptimization events (10 events):
Event: 4173.180 Thread 0x0000000022a24800 Uncommon trap: reason=unstable_if action=reinterpret pc=0x00000000047c64ac method=org.objectweb.asm.Label.a(Lorg/objectweb/asm/MethodWriter;I[B)Z @ 56
Event: 4173.184 Thread 0x0000000022a24800 Uncommon trap: reason=unstable_if action=reinterpret pc=0x0000000003d14a2c method=org.objectweb.asm.ByteVector.putInt(I)Lorg/objectweb/asm/ByteVector; @ 13
Event: 4173.311 Thread 0x0000000022a24800 Uncommon trap: reason=unstable_if action=reinterpret pc=0x0000000004a14f10 method=org.objectweb.asm.Frame.a(Lorg/objectweb/asm/ClassWriter;I[II)Z @ 26
Event: 4173.406 Thread 0x0000000022a29800 Uncommon trap: reason=unstable_if action=reinterpret pc=0x0000000004a715d4 method=org.objectweb.asm.Frame.a(IILorg/objectweb/asm/ClassWriter;Lorg/objectweb/asm/Item;)V @ 2140
Event: 4173.415 Thread 0x0000000022a27800 Uncommon trap: reason=unstable_if action=reinterpret pc=0x00000000032b37dc method=java.util.LinkedHashMap.afterNodeInsertion(Z)V @ 18
Event: 4173.423 Thread 0x0000000022a29800 Uncommon trap: reason=unstable_if action=reinterpret pc=0x00000000047c75e0 method=org.objectweb.asm.ClassReader.a(II[C)Ljava/lang/String; @ 77
Event: 4173.423 Thread 0x0000000022a24800 Uncommon trap: reason=unstable_if action=reinterpret pc=0x0000000003073080 method=org.objectweb.asm.Type.getArgumentsAndReturnSizes(Ljava/lang/String;)I @ 100
Event: 4173.423 Thread 0x0000000022a29800 Uncommon trap: reason=unstable_if action=reinterpret pc=0x0000000004846f4c method=org.objectweb.asm.ByteVector.putUTF8(Ljava/lang/String;)Lorg/objectweb/asm/ByteVector; @ 98
Event: 4173.426 Thread 0x0000000022a24800 Uncommon trap: reason=unstable_if action=reinterpret pc=0x0000000004c5b1c4 method=org.objectweb.asm.Frame.a(Lorg/objectweb/asm/ClassWriter;I[II)Z @ 265
Event: 4173.435 Thread 0x0000000022a25000 Uncommon trap: reason=unstable_if action=reinterpret pc=0x00000000044812e8 method=java.io.BufferedOutputStream.write(I)V @ 9

Classes redefined (0 events):
No events

Internal exceptions (10 events):
Event: 4173.351 Thread 0x0000000022a29000 Exception <a 'sun/nio/fs/WindowsException'> (0x00000000e9d0a9c0) thrown at [D:\src\AOSP-openjdk-cygwin\jdk8u\hotspot\src\share\vm\prims\jni.cpp, line 710]
Event: 4173.352 Thread 0x0000000022a23000 Exception <a 'sun/nio/fs/WindowsException'> (0x00000000e9c9d870) thrown at [D:\src\AOSP-openjdk-cygwin\jdk8u\hotspot\src\share\vm\prims\jni.cpp, line 710]
Event: 4173.354 Thread 0x0000000022a29000 Exception <a 'sun/nio/fs/WindowsException'> (0x00000000e9d0b0e0) thrown at [D:\src\AOSP-openjdk-cygwin\jdk8u\hotspot\src\share\vm\prims\jni.cpp, line 710]
Event: 4173.404 Thread 0x0000000022a23000 Exception <a 'sun/nio/fs/WindowsException'> (0x00000000e008bec0) thrown at [D:\src\AOSP-openjdk-cygwin\jdk8u\hotspot\src\share\vm\prims\jni.cpp, line 710]
Event: 4173.413 Thread 0x0000000022a2a800 Exception <a 'sun/nio/fs/WindowsException'> (0x00000000e0103490) thrown at [D:\src\AOSP-openjdk-cygwin\jdk8u\hotspot\src\share\vm\prims\jni.cpp, line 710]
Event: 4173.423 Thread 0x0000000022a2a800 Exception <a 'sun/nio/fs/WindowsException'> (0x00000000e0103bb0) thrown at [D:\src\AOSP-openjdk-cygwin\jdk8u\hotspot\src\share\vm\prims\jni.cpp, line 710]
Event: 4173.432 Thread 0x0000000022a27800 Exception <a 'sun/nio/fs/WindowsException'> (0x00000000e06a78d0) thrown at [D:\src\AOSP-openjdk-cygwin\jdk8u\hotspot\src\share\vm\prims\jni.cpp, line 710]
Event: 4173.439 Thread 0x0000000022a29800 Exception <a 'sun/nio/fs/WindowsException'> (0x00000000e0a35620) thrown at [D:\src\AOSP-openjdk-cygwin\jdk8u\hotspot\src\share\vm\prims\jni.cpp, line 710]
Event: 4173.441 Thread 0x0000000022a27800 Exception <a 'sun/nio/fs/WindowsException'> (0x00000000e06a7ff0) thrown at [D:\src\AOSP-openjdk-cygwin\jdk8u\hotspot\src\share\vm\prims\jni.cpp, line 710]
Event: 4173.482 Thread 0x0000000022a25000 Exception <a 'java/lang/OutOfMemoryError'> (0x00000000e1677b98) thrown at [D:\src\AOSP-openjdk-cygwin\jdk8u\hotspot\src\share\vm\prims\jni.cpp, line 736]

Events (10 events):
Event: 4173.487 Thread 0x0000000018928000 flushing nmethod 0x0000000002e5bc50
Event: 4173.487 Executing VM operation: RevokeBias done
Event: 4173.487 Thread 0x0000000018928000 flushing nmethod 0x0000000002e73c90
Event: 4173.487 Thread 0x0000000018928000 flushing nmethod 0x0000000002e77550
Event: 4173.487 Executing VM operation: RevokeBias
Event: 4173.487 Executing VM operation: RevokeBias done
Event: 4173.488 Executing VM operation: RevokeBias
Event: 4173.488 Executing VM operation: RevokeBias done
Event: 4173.488 Thread 0x0000000018928000 flushing nmethod 0x0000000002ebb650
Event: 4173.488 Executing VM operation: RevokeBias


Dynamic libraries:
0x00007ff7ddb50000 - 0x00007ff7ddb81000 	C:\Program Files\Android\Android Studio1\jre\bin\java.exe
0x00007ffb51520000 - 0x00007ffb51710000 	C:\WINDOWS\SYSTEM32\ntdll.dll
0x00007ffb3d420000 - 0x00007ffb3d434000 	C:\Program Files\AVAST Software\Avast\aswhook.dll
0x00007ffb512e0000 - 0x00007ffb51392000 	C:\WINDOWS\System32\KERNEL32.DLL
0x00007ffb4e4b0000 - 0x00007ffb4e753000 	C:\WINDOWS\System32\KERNELBASE.dll
0x00007ffb4feb0000 - 0x00007ffb4ff53000 	C:\WINDOWS\System32\ADVAPI32.dll
0x00007ffb50940000 - 0x00007ffb509de000 	C:\WINDOWS\System32\msvcrt.dll
0x00007ffb4fb90000 - 0x00007ffb4fc27000 	C:\WINDOWS\System32\sechost.dll
0x00007ffb50710000 - 0x00007ffb50830000 	C:\WINDOWS\System32\RPCRT4.dll
0x00007ffb51140000 - 0x00007ffb512d4000 	C:\WINDOWS\System32\USER32.dll
0x00007ffb4e790000 - 0x00007ffb4e7b1000 	C:\WINDOWS\System32\win32u.dll
0x00007ffb50910000 - 0x00007ffb50936000 	C:\WINDOWS\System32\GDI32.dll
0x00007ffb4e910000 - 0x00007ffb4eaa4000 	C:\WINDOWS\System32\gdi32full.dll
0x00007ffb4e870000 - 0x00007ffb4e90e000 	C:\WINDOWS\System32\msvcp_win.dll
0x00007ffb4f330000 - 0x00007ffb4f42a000 	C:\WINDOWS\System32\ucrtbase.dll
0x00007ffb3f6e0000 - 0x00007ffb3f965000 	C:\WINDOWS\WinSxS\amd64_microsoft.windows.common-controls_6595b64144ccf1df_6.0.18362.418_none_e6c6b287130d565d\COMCTL32.dll
0x00007ffb50110000 - 0x00007ffb50446000 	C:\WINDOWS\System32\combase.dll
0x00007ffb4f2b0000 - 0x00007ffb4f330000 	C:\WINDOWS\System32\bcryptPrimitives.dll
0x00007ffb504b0000 - 0x00007ffb504de000 	C:\WINDOWS\System32\IMM32.DLL
0x0000000064820000 - 0x00000000648f2000 	C:\Program Files\Android\Android Studio1\jre\jre\bin\msvcr100.dll
0x0000000064ab0000 - 0x00000000652f6000 	C:\Program Files\Android\Android Studio1\jre\jre\bin\server\jvm.dll
0x00007ffb50640000 - 0x00007ffb50648000 	C:\WINDOWS\System32\PSAPI.DLL
0x00007ffb3d3f0000 - 0x00007ffb3d3f9000 	C:\WINDOWS\SYSTEM32\WSOCK32.dll
0x00007ffb510d0000 - 0x00007ffb5113f000 	C:\WINDOWS\System32\WS2_32.dll
0x00007ffb485e0000 - 0x00007ffb48604000 	C:\WINDOWS\SYSTEM32\WINMM.dll
0x00007ffb47540000 - 0x00007ffb4754a000 	C:\WINDOWS\SYSTEM32\VERSION.dll
0x00007ffb485b0000 - 0x00007ffb485dd000 	C:\WINDOWS\SYSTEM32\WINMMBASE.dll
0x00007ffb4f430000 - 0x00007ffb4f47a000 	C:\WINDOWS\System32\cfgmgr32.dll
0x00007ffb49260000 - 0x00007ffb4926f000 	C:\Program Files\Android\Android Studio1\jre\jre\bin\verify.dll
0x00007ffb49230000 - 0x00007ffb49259000 	C:\Program Files\Android\Android Studio1\jre\jre\bin\java.dll
0x00007ffb49210000 - 0x00007ffb49226000 	C:\Program Files\Android\Android Studio1\jre\jre\bin\zip.dll
0x00007ffb509e0000 - 0x00007ffb510c5000 	C:\WINDOWS\System32\SHELL32.dll
0x00007ffb4ff70000 - 0x00007ffb50019000 	C:\WINDOWS\System32\shcore.dll
0x00007ffb4ead0000 - 0x00007ffb4f24f000 	C:\WINDOWS\System32\windows.storage.dll
0x00007ffb4e490000 - 0x00007ffb4e4af000 	C:\WINDOWS\System32\profapi.dll
0x00007ffb4e400000 - 0x00007ffb4e44a000 	C:\WINDOWS\System32\powrprof.dll
0x00007ffb4e3f0000 - 0x00007ffb4e400000 	C:\WINDOWS\System32\UMPDC.dll
0x00007ffb50830000 - 0x00007ffb50882000 	C:\WINDOWS\System32\shlwapi.dll
0x00007ffb4e450000 - 0x00007ffb4e461000 	C:\WINDOWS\System32\kernel.appcore.dll
0x00007ffb4eab0000 - 0x00007ffb4eac7000 	C:\WINDOWS\System32\cryptsp.dll
0x00007ffb491f0000 - 0x00007ffb4920a000 	C:\Program Files\Android\Android Studio1\jre\jre\bin\net.dll
0x00007ffb4dc60000 - 0x00007ffb4dcc7000 	C:\WINDOWS\system32\mswsock.dll
0x00007ffb491d0000 - 0x00007ffb491e1000 	C:\Program Files\Android\Android Studio1\jre\jre\bin\nio.dll
0x00007ffb3e9f0000 - 0x00007ffb3ea0e000 	C:\Users\Franck\.gradle\native\25\windows-amd64\native-platform.dll
0x00007ffb491c0000 - 0x00007ffb491cd000 	C:\Program Files\Android\Android Studio1\jre\jre\bin\management.dll
0x00007ffb4d7d0000 - 0x00007ffb4d803000 	C:\WINDOWS\system32\rsaenh.dll
0x00007ffb4e760000 - 0x00007ffb4e786000 	C:\WINDOWS\System32\bcrypt.dll
0x00007ffb4e310000 - 0x00007ffb4e335000 	C:\WINDOWS\SYSTEM32\USERENV.dll
0x00007ffb4de30000 - 0x00007ffb4de3c000 	C:\WINDOWS\SYSTEM32\CRYPTBASE.dll
0x00007ffb4d970000 - 0x00007ffb4d9aa000 	C:\WINDOWS\SYSTEM32\IPHLPAPI.DLL
0x00007ffb4ff60000 - 0x00007ffb4ff68000 	C:\WINDOWS\System32\NSI.dll
0x00007ffb44f30000 - 0x00007ffb44f46000 	C:\WINDOWS\SYSTEM32\dhcpcsvc6.DLL
0x00007ffb464f0000 - 0x00007ffb4650c000 	C:\WINDOWS\SYSTEM32\dhcpcsvc.DLL
0x00007ffb4d9b0000 - 0x00007ffb4da7a000 	C:\WINDOWS\SYSTEM32\DNSAPI.dll
0x00007ffb4d450000 - 0x00007ffb4d481000 	C:\WINDOWS\SYSTEM32\ntmarta.dll

VM Arguments:
jvm_args: -Xmx1536m -Dfile.encoding=windows-1251 -Duser.country=RU -Duser.language=ru -Duser.variant 
java_command: org.gradle.launcher.daemon.bootstrap.GradleDaemon 4.4
java_class_path (initial): C:\Users\Franck\.gradle\wrapper\dists\gradle-4.4-all\9br9xq1tocpiv8o6njlyu5op1\gradle-4.4\lib\gradle-launcher-4.4.jar
Launcher Type: SUN_STANDARD

Environment Variables:
JAVA_HOME=C:\Program Files\Java\jdk1.8.0_171
PATH=C:\Program Files (x86)\Common Files\Oracle\Java\javapath;C:\Program Files (x86)\Common Files\Intel\Shared Libraries\redist\intel64\compiler;C:\WINDOWS\system32;C:\WINDOWS;C:\WINDOWS\System32\Wbem;C:\WINDOWS\System32\WindowsPowerShell\v1.0\;C:\Program Files\Git\cmd;C:\FPC\2.6.4\bin\i386-Win32;C:\PostgreSQL\pg10\bin;C:\WINDOWS\System32\OpenSSH\;C:\Anaconda;C:\Program Files (x86)\Microsoft SQL Server\Client SDK\ODBC\130\Tools\Binn\;C:\Program Files (x86)\Microsoft SQL Server\140\Tools\Binn\;C:\Program Files (x86)\Microsoft SQL Server\140\DTS\Binn\;C:\Program Files (x86)\Microsoft SQL Server\140\Tools\Binn\ManagementStudio\;C:\Program Files\Geth;C:\Program Files (x86)\QuickTime\QTSystem\;C:\Program Files\dotnet\;C:\Program Files (x86)\dotnet\;C:\Go\bin;C:\Program Files\PuTTY\;C:\Users\Franck\AppData\Roaming\nvm;C:\Program Files\nodejs;D:\ANACONDA;D:\ANACONDA\Library\mingw-w64\bin;D:\ANACONDA\Library\usr\bin;D:\ANACONDA\Library\bin;D:\ANACONDA\Scripts;C:\Users\Franck\AppData\Local\Microsoft\WindowsApps;C:\Users\Franck\AppData\Local\now-cli;C:\Program Files\expload\pravda\bin;C:\Users\Franck\.dotnet\tools;C:\Users\Franck\go\bin;D:\golang\GoLand 2018.3.1\bin;;C:\adb;C:\Program Files\Java\jdk1.7.0_80\bin;D:\Microsoft VS Code\bin;D:\download\flutter_windows_v1.5.4-hotfix.2-stable\flutter\bin;D:\Android\Sdk\platform-tools;D:\Android\Sdk\platform;D:\Android\Sdk;D:\green_certif\greencertificates\node_modules\sleep\build\binding.sln;C:\Users\Franck\AppData\Roaming\npm;C:\Users\Franck\AppData\Roaming\nvm;C:\Program Files\nodejs;C:\Program Files\heroku\bin;C:\Users\Franck\AppData\Local\Microsoft\WindowsApps;;D:\GAMENODE\JetBrains Rider 2019.2.2\bin;
USERNAME=Franck
OS=Windows_NT
PROCESSOR_IDENTIFIER=Intel64 Family 6 Model 60 Stepping 3, GenuineIntel



---------------  S Y S T E M  ---------------

OS: Windows 10.0 , 64 bit Build 18362 (10.0.18362.329)

CPU:total 8 (initial active 8) (4 cores per cpu, 2 threads per core) family 6 model 60 stepping 3, cmov, cx8, fxsr, mmx, sse, sse2, sse3, ssse3, sse4.1, sse4.2, popcnt, avx, avx2, aes, clmul, erms, lzcnt, ht, tsc, tscinvbit, bmi1, bmi2

Memory: 4k page, physical 8305716k(721716k free), swap 10865716k(9520k free)

vm_info: OpenJDK 64-Bit Server VM (25.202-b03) for windows-amd64 JRE (1.8.0_202-release-1483-b03), built by "builder" with MS VC++ 10.0 (VS2010)

time: Sun Oct 27 12:23:21 2019
timezone: Беларусь (зима)
elapsed time: 4173 seconds (0d 1h 9m 33s)

