#
# There is insufficient memory for the Java Runtime Environment to continue.
# Native memory allocation (malloc) failed to allocate 575456 bytes for Chunk::new
# Possible reasons:
#   The system is out of physical RAM or swap space
#   The process is running with CompressedOops enabled, and the Java Heap may be blocking the growth of the native heap
# Possible solutions:
#   Reduce memory load on the system
#   Increase physical memory or swap space
#   Check if swap backing store is full
#   Decrease Java heap size (-Xmx/-Xms)
#   Decrease number of Java threads
#   Decrease Java thread stack sizes (-Xss)
#   Set larger code cache with -XX:ReservedCodeCacheSize=
#   JVM is running with Unscaled Compressed Oops mode in which the Java heap is
#     placed in the first 4GB address space. The Java Heap base address is the
#     maximum limit for the native heap growth. Please use -XX:HeapBaseMinAddress
#     to set the Java Heap base and to place the Java Heap above 4GB virtual address.
# This output file may be truncated or incomplete.
#
#  Out of Memory Error (allocation.cpp:389), pid=17988, tid=0x0000000000001ff0
#
# JRE version: OpenJDK Runtime Environment (8.0_202-b03) (build 1.8.0_202-release-1483-b03)
# Java VM: OpenJDK 64-Bit Server VM (25.202-b03 mixed mode windows-amd64 compressed oops)
# Failed to write core dump. Minidumps are not enabled by default on client versions of Windows
#

---------------  T H R E A D  ---------------

Current thread (0x000000001874a800):  JavaThread "C2 CompilerThread1" daemon [_thread_in_native, id=8176, stack(0x0000000019120000,0x0000000019220000)]

Stack: [0x0000000019120000,0x0000000019220000]
[error occurred during error reporting (printing stack bounds), id 0xc0000005]

Native frames: (J=compiled Java code, j=interpreted, Vv=VM code, C=native code)


Current CompileTask:
C2:8017794 12629       4       org.gradle.api.internal.artifacts.ivyservice.resolveengine.graph.builder.EdgeState::attachToTargetConfigurations (129 bytes)


---------------  P R O C E S S  ---------------

Java Threads: ( => current thread )
  0x000000001ddd2800 JavaThread "Cache worker for file content cache (E:\utonhack\android2\.gradle\5.4.1\fileContent)" [_thread_blocked, id=15332, stack(0x0000000026a80000,0x0000000026b80000)]
  0x000000001ddcb000 JavaThread "Cache worker for file content cache (C:\Users\Franck\.gradle\caches\5.4.1\fileContent)" [_thread_blocked, id=4048, stack(0x00000000260a0000,0x00000000261a0000)]
  0x000000001ddd1800 JavaThread "Cache worker for Build Output Cleanup Cache (E:\utonhack\android2\.gradle\buildOutputCleanup)" [_thread_blocked, id=11108, stack(0x00000000256f0000,0x00000000257f0000)]
  0x000000001ddd1000 JavaThread "Build operations Thread 8" [_thread_blocked, id=11744, stack(0x0000000024af0000,0x0000000024bf0000)]
  0x000000001ddcf800 JavaThread "Build operations Thread 7" [_thread_blocked, id=17036, stack(0x00000000247f0000,0x00000000248f0000)]
  0x000000001ddce800 JavaThread "Build operations Thread 6" [_thread_blocked, id=19180, stack(0x00000000246f0000,0x00000000247f0000)]
  0x000000001d36d000 JavaThread "Build operations Thread 5" [_thread_blocked, id=11284, stack(0x00000000245f0000,0x00000000246f0000)]
  0x000000001d373000 JavaThread "Build operations Thread 4" [_thread_blocked, id=16740, stack(0x00000000244f0000,0x00000000245f0000)]
  0x000000001d36e800 JavaThread "Build operations Thread 3" [_thread_blocked, id=17208, stack(0x00000000243f0000,0x00000000244f0000)]
  0x000000001d371000 JavaThread "Build operations Thread 2" [_thread_blocked, id=8728, stack(0x00000000242f0000,0x00000000243f0000)]
  0x000000001d371800 JavaThread "Build operations" [_thread_blocked, id=10952, stack(0x0000000023210000,0x0000000023310000)]
  0x000000001d372800 JavaThread "Cache worker for cache directory md-rule (C:\Users\Franck\.gradle\caches\5.4.1\md-rule)" [_thread_blocked, id=17088, stack(0x0000000023110000,0x0000000023210000)]
  0x000000001d365000 JavaThread "Cache worker for cache directory md-supplier (C:\Users\Franck\.gradle\caches\5.4.1\md-supplier)" [_thread_blocked, id=8884, stack(0x0000000023010000,0x0000000023110000)]
  0x000000001d370000 JavaThread "Cache worker for file hash cache (E:\utonhack\android2\.gradle\5.4.1\fileHashes)" [_thread_blocked, id=14156, stack(0x00000000200b0000,0x00000000201b0000)]
  0x000000001d36e000 JavaThread "Thread-173" [_thread_in_native, id=9756, stack(0x000000001faf0000,0x000000001fbf0000)]
  0x000000001d365800 JavaThread "Stdin handler" [_thread_blocked, id=1120, stack(0x000000001f9f0000,0x000000001faf0000)]
  0x000000001d36c800 JavaThread "Asynchronous log dispatcher for DefaultDaemonConnection: socket connection from /127.0.0.1:50365 to /127.0.0.1:55191" [_thread_blocked, id=12120, stack(0x000000001bd80000,0x000000001be80000)]
  0x000000001d36b800 JavaThread "Daemon worker Thread 7" [_thread_in_vm, id=15504, stack(0x000000001bc80000,0x000000001bd80000)]
  0x000000001d364000 JavaThread "Cancel handler" [_thread_blocked, id=18436, stack(0x000000001bb80000,0x000000001bc80000)]
  0x000000001d36b000 JavaThread "Handler for socket connection from /127.0.0.1:50365 to /127.0.0.1:55191" [_thread_in_native, id=8600, stack(0x000000001b880000,0x000000001b980000)]
  0x000000001d368000 JavaThread "Daemon Thread 7" [_thread_blocked, id=16268, stack(0x000000001b780000,0x000000001b880000)]
  0x000000001d368800 JavaThread "Memory manager" [_thread_blocked, id=16408, stack(0x00000000255f0000,0x00000000256f0000)]
  0x000000001d366800 JavaThread "Cache worker for execution history cache (C:\Users\Franck\.gradle\caches\5.4.1\executionHistory)" [_thread_blocked, id=5820, stack(0x00000000213f0000,0x00000000214f0000)]
  0x0000000018757000 JavaThread "Cache worker for journal cache (C:\Users\Franck\.gradle\caches\journal-1)" [_thread_blocked, id=19288, stack(0x000000001c580000,0x000000001c680000)]
  0x0000000018755800 JavaThread "File lock request listener" [_thread_in_native, id=17152, stack(0x000000001c280000,0x000000001c380000)]
  0x000000001ab03800 JavaThread "Cache worker for file hash cache (C:\Users\Franck\.gradle\caches\5.4.1\fileHashes)" [_thread_blocked, id=5216, stack(0x000000001c180000,0x000000001c280000)]
  0x0000000019e95000 JavaThread "Daemon periodic checks" [_thread_blocked, id=16160, stack(0x000000001b680000,0x000000001b780000)]
  0x000000001982a800 JavaThread "Incoming local TCP Connector on port 50365" [_thread_in_native, id=16732, stack(0x000000001b430000,0x000000001b530000)]
  0x000000001a72d800 JavaThread "Daemon health stats" [_thread_blocked, id=8260, stack(0x000000001adf0000,0x000000001aef0000)]
  0x00000000187ee000 JavaThread "Service Thread" daemon [_thread_blocked, id=14648, stack(0x0000000019420000,0x0000000019520000)]
  0x000000001875b000 JavaThread "C1 CompilerThread3" daemon [_thread_blocked, id=14720, stack(0x0000000019320000,0x0000000019420000)]
  0x0000000018752000 JavaThread "C2 CompilerThread2" daemon [_thread_in_native, id=3864, stack(0x0000000019220000,0x0000000019320000)]
=>0x000000001874a800 JavaThread "C2 CompilerThread1" daemon [_thread_in_native, id=8176, stack(0x0000000019120000,0x0000000019220000)]
  0x0000000018748800 JavaThread "C2 CompilerThread0" daemon [_thread_in_native, id=3296, stack(0x0000000019020000,0x0000000019120000)]
  0x0000000018742000 JavaThread "Attach Listener" daemon [_thread_blocked, id=14460, stack(0x0000000018f20000,0x0000000019020000)]
  0x0000000018741000 JavaThread "Signal Dispatcher" daemon [_thread_blocked, id=4796, stack(0x0000000018e20000,0x0000000018f20000)]
  0x0000000018731000 JavaThread "Finalizer" daemon [_thread_blocked, id=3848, stack(0x0000000018c10000,0x0000000018d10000)]
  0x0000000018730800 JavaThread "Reference Handler" daemon [_thread_blocked, id=1460, stack(0x0000000018b10000,0x0000000018c10000)]
  0x0000000002a82800 JavaThread "main" [_thread_blocked, id=6680, stack(0x0000000002980000,0x0000000002a80000)]

Other Threads:
  0x0000000016937000 VMThread [stack: 0x0000000018610000,0x0000000018710000] [id=14436]
  0x00000000187ef000 WatcherThread [stack: 0x0000000019520000,0x0000000019620000] [id=17608]

VM state:not at safepoint (normal execution)

VM Mutex/Monitor currently owned by a thread: None

heap address: 0x00000000a0000000, size: 1536 MB, Compressed Oops mode: 32-bit
Narrow klass base: 0x0000000000000000, Narrow klass shift: 3
Compressed class space size: 1073741824 Address: 0x0000000100000000

Heap:
 PSYoungGen      total 210944K, used 35371K [0x00000000e0000000, 0x00000000eec80000, 0x0000000100000000)
  eden space 193024K, 16% used [0x00000000e0000000,0x00000000e1fc0158,0x00000000ebc80000)
  from space 17920K, 16% used [0x00000000edb00000,0x00000000eddf4c08,0x00000000eec80000)
  to   space 24576K, 0% used [0x00000000ebc80000,0x00000000ebc80000,0x00000000ed480000)
 ParOldGen       total 134656K, used 51258K [0x00000000a0000000, 0x00000000a8380000, 0x00000000e0000000)
  object space 134656K, 38% used [0x00000000a0000000,0x00000000a320e9c0,0x00000000a8380000)
 Metaspace       used 77161K, capacity 80890K, committed 81152K, reserved 1120256K
  class space    used 9995K, capacity 10707K, committed 10752K, reserved 1048576K

Card table byte_map: [0x0000000011f40000,0x0000000012250000] byte_map_base: 0x0000000011a40000

Marking Bits: (ParMarkBitMap*) 0x0000000065279f30
 Begin Bits: [0x0000000012c50000, 0x0000000014450000)
 End Bits:   [0x0000000014450000, 0x0000000015c50000)

Polling page: 0x0000000001110000

CodeCache: size=245760Kb used=35304Kb max_used=35304Kb free=210455Kb
 bounds [0x0000000002b80000, 0x0000000004e30000, 0x0000000011b80000]
 total_blobs=11451 nmethods=10596 adapters=767
 compilation: enabled

Compilation events (10 events):
Event: 8017.765 Thread 0x000000001875b000 12684       3       com.google.common.collect.ImmutableList$SubList::subList (29 bytes)
Event: 8017.766 Thread 0x000000001875b000 nmethod 12684 0x00000000039d1410 code [0x00000000039d15a0, 0x00000000039d19c8]
Event: 8017.768 Thread 0x000000001875b000 12685       1       org.gradle.api.internal.artifacts.transform.TransformationNode::prepareForExecution (1 bytes)
Event: 8017.768 Thread 0x000000001875b000 nmethod 12685 0x000000000463a2d0 code [0x000000000463a420, 0x000000000463a530]
Event: 8017.773 Thread 0x000000001875b000 12686       3       java.lang.invoke.LambdaForm$DMH/364597300::invokeStatic_L6_L (24 bytes)
Event: 8017.773 Thread 0x000000001875b000 nmethod 12686 0x0000000003db3bd0 code [0x0000000003db3d60, 0x0000000003db4318]
Event: 8017.782 Thread 0x000000001875b000 12687       3       org.gradle.api.internal.tasks.PropertyFileCollection::visitContents (12 bytes)
Event: 8017.782 Thread 0x000000001875b000 nmethod 12687 0x0000000003db3750 code [0x0000000003db38c0, 0x0000000003db3ae8]
Event: 8017.786 Thread 0x000000001875b000 12688       1       org.gradle.execution.plan.LocalTaskNode::requiresMonitoring (2 bytes)
Event: 8017.786 Thread 0x000000001875b000 nmethod 12688 0x00000000039d1090 code [0x00000000039d11e0, 0x00000000039d12f0]

GC Heap History (10 events):
Event: 13.144 GC heap before
{Heap before GC invocations=15 (full 3):
 PSYoungGen      total 200192K, used 2676K [0x00000000e0000000, 0x00000000ee200000, 0x0000000100000000)
  eden space 181248K, 0% used [0x00000000e0000000,0x00000000e0000000,0x00000000eb100000)
  from space 18944K, 14% used [0x00000000ec400000,0x00000000ec69d338,0x00000000ed680000)
  to   space 19456K, 0% used [0x00000000eb100000,0x00000000eb100000,0x00000000ec400000)
 ParOldGen       total 88064K, used 35898K [0x00000000a0000000, 0x00000000a5600000, 0x00000000e0000000)
  object space 88064K, 40% used [0x00000000a0000000,0x00000000a230ea40,0x00000000a5600000)
 Metaspace       used 57040K, capacity 59082K, committed 59160K, reserved 1099776K
  class space    used 7808K, capacity 8262K, committed 8320K, reserved 1048576K
Event: 13.481 GC heap after
Heap after GC invocations=15 (full 3):
 PSYoungGen      total 200192K, used 0K [0x00000000e0000000, 0x00000000ee200000, 0x0000000100000000)
  eden space 181248K, 0% used [0x00000000e0000000,0x00000000e0000000,0x00000000eb100000)
  from space 18944K, 0% used [0x00000000ec400000,0x00000000ec400000,0x00000000ed680000)
  to   space 19456K, 0% used [0x00000000eb100000,0x00000000eb100000,0x00000000ec400000)
 ParOldGen       total 134656K, used 31357K [0x00000000a0000000, 0x00000000a8380000, 0x00000000e0000000)
  object space 134656K, 23% used [0x00000000a0000000,0x00000000a1e9f528,0x00000000a8380000)
 Metaspace       used 57010K, capacity 58980K, committed 59160K, reserved 1099776K
  class space    used 7799K, capacity 8245K, committed 8320K, reserved 1048576K
}
Event: 17.040 GC heap before
{Heap before GC invocations=16 (full 3):
 PSYoungGen      total 200192K, used 181248K [0x00000000e0000000, 0x00000000ee200000, 0x0000000100000000)
  eden space 181248K, 100% used [0x00000000e0000000,0x00000000eb100000,0x00000000eb100000)
  from space 18944K, 0% used [0x00000000ec400000,0x00000000ec400000,0x00000000ed680000)
  to   space 19456K, 0% used [0x00000000eb100000,0x00000000eb100000,0x00000000ec400000)
 ParOldGen       total 134656K, used 31357K [0x00000000a0000000, 0x00000000a8380000, 0x00000000e0000000)
  object space 134656K, 23% used [0x00000000a0000000,0x00000000a1e9f528,0x00000000a8380000)
 Metaspace       used 64479K, capacity 67358K, committed 67584K, reserved 1107968K
  class space    used 8837K, capacity 9438K, committed 9472K, reserved 1048576K
Event: 17.065 GC heap after
Heap after GC invocations=16 (full 3):
 PSYoungGen      total 200704K, used 14042K [0x00000000e0000000, 0x00000000ef680000, 0x0000000100000000)
  eden space 181248K, 0% used [0x00000000e0000000,0x00000000e0000000,0x00000000eb100000)
  from space 19456K, 72% used [0x00000000eb100000,0x00000000ebeb6ac0,0x00000000ec400000)
  to   space 19968K, 0% used [0x00000000ee300000,0x00000000ee300000,0x00000000ef680000)
 ParOldGen       total 134656K, used 31365K [0x00000000a0000000, 0x00000000a8380000, 0x00000000e0000000)
  object space 134656K, 23% used [0x00000000a0000000,0x00000000a1ea1528,0x00000000a8380000)
 Metaspace       used 64479K, capacity 67358K, committed 67584K, reserved 1107968K
  class space    used 8837K, capacity 9438K, committed 9472K, reserved 1048576K
}
Event: 109.055 GC heap before
{Heap before GC invocations=17 (full 3):
 PSYoungGen      total 200704K, used 195290K [0x00000000e0000000, 0x00000000ef680000, 0x0000000100000000)
  eden space 181248K, 100% used [0x00000000e0000000,0x00000000eb100000,0x00000000eb100000)
  from space 19456K, 72% used [0x00000000eb100000,0x00000000ebeb6ac0,0x00000000ec400000)
  to   space 19968K, 0% used [0x00000000ee300000,0x00000000ee300000,0x00000000ef680000)
 ParOldGen       total 134656K, used 31365K [0x00000000a0000000, 0x00000000a8380000, 0x00000000e0000000)
  object space 134656K, 23% used [0x00000000a0000000,0x00000000a1ea1528,0x00000000a8380000)
 Metaspace       used 74522K, capacity 77952K, committed 78080K, reserved 1116160K
  class space    used 9805K, capacity 10462K, committed 10496K, reserved 1048576K
Event: 109.080 GC heap after
Heap after GC invocations=17 (full 3):
 PSYoungGen      total 226304K, used 19944K [0x00000000e0000000, 0x00000000efa80000, 0x0000000100000000)
  eden space 206336K, 0% used [0x00000000e0000000,0x00000000e0000000,0x00000000ec980000)
  from space 19968K, 99% used [0x00000000ee300000,0x00000000ef67a260,0x00000000ef680000)
  to   space 25088K, 0% used [0x00000000ec980000,0x00000000ec980000,0x00000000ee200000)
 ParOldGen       total 134656K, used 36477K [0x00000000a0000000, 0x00000000a8380000, 0x00000000e0000000)
  object space 134656K, 27% used [0x00000000a0000000,0x00000000a239f5b8,0x00000000a8380000)
 Metaspace       used 74522K, capacity 77952K, committed 78080K, reserved 1116160K
  class space    used 9805K, capacity 10462K, committed 10496K, reserved 1048576K
}
Event: 1223.260 GC heap before
{Heap before GC invocations=18 (full 3):
 PSYoungGen      total 226304K, used 226280K [0x00000000e0000000, 0x00000000efa80000, 0x0000000100000000)
  eden space 206336K, 100% used [0x00000000e0000000,0x00000000ec980000,0x00000000ec980000)
  from space 19968K, 99% used [0x00000000ee300000,0x00000000ef67a260,0x00000000ef680000)
  to   space 25088K, 0% used [0x00000000ec980000,0x00000000ec980000,0x00000000ee200000)
 ParOldGen       total 134656K, used 36477K [0x00000000a0000000, 0x00000000a8380000, 0x00000000e0000000)
  object space 134656K, 27% used [0x00000000a0000000,0x00000000a239f5b8,0x00000000a8380000)
 Metaspace       used 76308K, capacity 79904K, committed 80000K, reserved 1118208K
  class space    used 9931K, capacity 10610K, committed 10624K, reserved 1048576K
Event: 1223.514 GC heap after
Heap after GC invocations=18 (full 3):
 PSYoungGen      total 205824K, used 5746K [0x00000000e0000000, 0x00000000ef300000, 0x0000000100000000)
  eden space 199680K, 0% used [0x00000000e0000000,0x00000000e0000000,0x00000000ec300000)
  from space 6144K, 93% used [0x00000000ec980000,0x00000000ecf1c828,0x00000000ecf80000)
  to   space 24576K, 0% used [0x00000000edb00000,0x00000000edb00000,0x00000000ef300000)
 ParOldGen       total 134656K, used 51250K [0x00000000a0000000, 0x00000000a8380000, 0x00000000e0000000)
  object space 134656K, 38% used [0x00000000a0000000,0x00000000a320c9c0,0x00000000a8380000)
 Metaspace       used 76308K, capacity 79904K, committed 80000K, reserved 1118208K
  class space    used 9931K, capacity 10610K, committed 10624K, reserved 1048576K
}
Event: 8017.018 GC heap before
{Heap before GC invocations=19 (full 3):
 PSYoungGen      total 205824K, used 205426K [0x00000000e0000000, 0x00000000ef300000, 0x0000000100000000)
  eden space 199680K, 100% used [0x00000000e0000000,0x00000000ec300000,0x00000000ec300000)
  from space 6144K, 93% used [0x00000000ec980000,0x00000000ecf1c828,0x00000000ecf80000)
  to   space 24576K, 0% used [0x00000000edb00000,0x00000000edb00000,0x00000000ef300000)
 ParOldGen       total 134656K, used 51250K [0x00000000a0000000, 0x00000000a8380000, 0x00000000e0000000)
  object space 134656K, 38% used [0x00000000a0000000,0x00000000a320c9c0,0x00000000a8380000)
 Metaspace       used 77007K, capacity 80732K, committed 80896K, reserved 1120256K
  class space    used 9981K, capacity 10702K, committed 10752K, reserved 1048576K
Event: 8017.163 GC heap after
Heap after GC invocations=19 (full 3):
 PSYoungGen      total 210944K, used 3027K [0x00000000e0000000, 0x00000000eec80000, 0x0000000100000000)
  eden space 193024K, 0% used [0x00000000e0000000,0x00000000e0000000,0x00000000ebc80000)
  from space 17920K, 16% used [0x00000000edb00000,0x00000000eddf4c08,0x00000000eec80000)
  to   space 24576K, 0% used [0x00000000ebc80000,0x00000000ebc80000,0x00000000ed480000)
 ParOldGen       total 134656K, used 51258K [0x00000000a0000000, 0x00000000a8380000, 0x00000000e0000000)
  object space 134656K, 38% used [0x00000000a0000000,0x00000000a320e9c0,0x00000000a8380000)
 Metaspace       used 77007K, capacity 80732K, committed 80896K, reserved 1120256K
  class space    used 9981K, capacity 10702K, committed 10752K, reserved 1048576K
}

Deoptimization events (10 events):
Event: 8017.623 Thread 0x000000001d36b800 Uncommon trap: reason=class_check action=maybe_recompile pc=0x0000000003fb388c method=org.gradle.api.internal.attributes.DefaultImmutableAttributes.equals(Ljava/lang/Object;)Z @ 92
Event: 8017.623 Thread 0x000000001d36b800 Uncommon trap: reason=class_check action=maybe_recompile pc=0x00000000047bb020 method=org.gradle.internal.component.model.ComponentAttributeMatcher$CachedQuery.of(Lorg/gradle/internal/component/model/AttributeSelectionSchema;Lorg/gradle/api/internal/attri
Event: 8017.623 Thread 0x000000001d36b800 Uncommon trap: reason=class_check action=maybe_recompile pc=0x0000000003fb388c method=org.gradle.api.internal.attributes.DefaultImmutableAttributes.equals(Ljava/lang/Object;)Z @ 92
Event: 8017.623 Thread 0x000000001d36b800 Uncommon trap: reason=class_check action=maybe_recompile pc=0x00000000047bb020 method=org.gradle.internal.component.model.ComponentAttributeMatcher$CachedQuery.of(Lorg/gradle/internal/component/model/AttributeSelectionSchema;Lorg/gradle/api/internal/attri
Event: 8017.624 Thread 0x000000001d36b800 Uncommon trap: reason=class_check action=maybe_recompile pc=0x0000000003fb388c method=org.gradle.api.internal.attributes.DefaultImmutableAttributes.equals(Ljava/lang/Object;)Z @ 92
Event: 8017.679 Thread 0x000000001d36b800 Uncommon trap: reason=bimorphic action=maybe_recompile pc=0x0000000003606784 method=org.gradle.api.internal.artifacts.ivyservice.resolveengine.artifact.DefaultArtifactSet.select(Lorg/gradle/api/specs/Spec;Lorg/gradle/api/internal/artifacts/transform/Varia
Event: 8017.680 Thread 0x000000001d36b800 Uncommon trap: reason=bimorphic action=maybe_recompile pc=0x0000000003606784 method=org.gradle.api.internal.artifacts.ivyservice.resolveengine.artifact.DefaultArtifactSet.select(Lorg/gradle/api/specs/Spec;Lorg/gradle/api/internal/artifacts/transform/Varia
Event: 8017.680 Thread 0x000000001d36b800 Uncommon trap: reason=bimorphic action=maybe_recompile pc=0x0000000003606784 method=org.gradle.api.internal.artifacts.ivyservice.resolveengine.artifact.DefaultArtifactSet.select(Lorg/gradle/api/specs/Spec;Lorg/gradle/api/internal/artifacts/transform/Varia
Event: 8017.680 Thread 0x000000001d36b800 Uncommon trap: reason=bimorphic action=maybe_recompile pc=0x0000000003606784 method=org.gradle.api.internal.artifacts.ivyservice.resolveengine.artifact.DefaultArtifactSet.select(Lorg/gradle/api/specs/Spec;Lorg/gradle/api/internal/artifacts/transform/Varia
Event: 8017.708 Thread 0x000000001d36b800 Uncommon trap: reason=unstable_if action=reinterpret pc=0x0000000004d77670 method=org.gradle.internal.graph.CachingDirectedGraphWalker.doSearch()Ljava/util/Set; @ 225

Classes redefined (0 events):
No events

Internal exceptions (10 events):
Event: 7862.661 Thread 0x000000001ddd1000 Exception <a 'sun/nio/fs/WindowsException'> (0x00000000ebd83918) thrown at [D:\src\AOSP-openjdk-cygwin\jdk8u\hotspot\src\share\vm\prims\jni.cpp, line 710]
Event: 8016.790 Thread 0x000000001d36b000 Exception <a 'java/lang/NoSuchMethodError': <clinit>> (0x00000000ebf6d9c0) thrown at [D:\src\AOSP-openjdk-cygwin\jdk8u\hotspot\src\share\vm\prims\jni.cpp, line 1614]
Event: 8016.951 Thread 0x000000001d36b800 Exception <a 'java/lang/NoSuchMethodError': <clinit>> (0x00000000ec160478) thrown at [D:\src\AOSP-openjdk-cygwin\jdk8u\hotspot\src\share\vm\prims\jni.cpp, line 1614]
Event: 8016.981 Thread 0x000000001d36b800 Exception <a 'java/lang/NoSuchMethodError': <clinit>> (0x00000000ec1ae178) thrown at [D:\src\AOSP-openjdk-cygwin\jdk8u\hotspot\src\share\vm\prims\jni.cpp, line 1614]
Event: 8016.984 Thread 0x000000001d36b800 Exception <a 'java/lang/NoSuchMethodError': <clinit>> (0x00000000ec1bb348) thrown at [D:\src\AOSP-openjdk-cygwin\jdk8u\hotspot\src\share\vm\prims\jni.cpp, line 1614]
Event: 8017.013 Thread 0x000000001d36b800 Exception <a 'java/lang/NoSuchMethodError': <clinit>> (0x00000000ec2cb638) thrown at [D:\src\AOSP-openjdk-cygwin\jdk8u\hotspot\src\share\vm\prims\jni.cpp, line 1614]
Event: 8017.013 Thread 0x000000001d36b800 Exception <a 'java/lang/NoSuchMethodError': <clinit>> (0x00000000ec2cf498) thrown at [D:\src\AOSP-openjdk-cygwin\jdk8u\hotspot\src\share\vm\prims\jni.cpp, line 1614]
Event: 8017.013 Thread 0x000000001d36b800 Exception <a 'java/lang/NoSuchMethodError': <clinit>> (0x00000000ec2d0f20) thrown at [D:\src\AOSP-openjdk-cygwin\jdk8u\hotspot\src\share\vm\prims\jni.cpp, line 1614]
Event: 8017.013 Thread 0x000000001d36b800 Exception <a 'java/lang/NoSuchMethodError': <clinit>> (0x00000000ec2d2670) thrown at [D:\src\AOSP-openjdk-cygwin\jdk8u\hotspot\src\share\vm\prims\jni.cpp, line 1614]
Event: 8017.013 Thread 0x000000001d36b800 Exception <a 'java/lang/NoSuchMethodError': <clinit>> (0x00000000ec2d3c70) thrown at [D:\src\AOSP-openjdk-cygwin\jdk8u\hotspot\src\share\vm\prims\jni.cpp, line 1614]

Events (10 events):
Event: 8017.731 loading class com/android/build/gradle/internal/tasks/MergeNativeLibsTaskKt
Event: 8017.731 loading class com/android/build/gradle/internal/tasks/MergeNativeLibsTaskKt done
Event: 8017.739 loading class com/android/build/gradle/internal/tasks/MergeNativeLibsTaskKt$sam$org_gradle_api_specs_Spec$0
Event: 8017.739 loading class com/android/build/gradle/internal/tasks/MergeNativeLibsTaskKt$sam$org_gradle_api_specs_Spec$0 done
Event: 8017.772 loading class com/android/build/api/transform/SecondaryFile
Event: 8017.772 loading class com/android/build/api/transform/SecondaryFile done
Event: 8017.772 loading class com/android/build/api/transform/SecondaryFile
Event: 8017.772 loading class com/android/build/api/transform/SecondaryFile done
Event: 8017.772 loading class com/android/build/gradle/internal/pipeline/TransformTask
Event: 8017.772 loading class com/android/build/gradle/internal/pipeline/TransformTask done


Dynamic libraries:
0x00007ff7ddb50000 - 0x00007ff7ddb81000 	C:\Program Files\Android\Android Studio1\jre\bin\java.exe
0x00007ffb51520000 - 0x00007ffb51710000 	C:\WINDOWS\SYSTEM32\ntdll.dll
0x00007ffb3d420000 - 0x00007ffb3d434000 	C:\Program Files\AVAST Software\Avast\aswhook.dll
0x00007ffb512e0000 - 0x00007ffb51392000 	C:\WINDOWS\System32\KERNEL32.DLL
0x00007ffb4e4b0000 - 0x00007ffb4e753000 	C:\WINDOWS\System32\KERNELBASE.dll
0x00007ffb4feb0000 - 0x00007ffb4ff53000 	C:\WINDOWS\System32\ADVAPI32.dll
0x00007ffb50940000 - 0x00007ffb509de000 	C:\WINDOWS\System32\msvcrt.dll
0x00007ffb4fb90000 - 0x00007ffb4fc27000 	C:\WINDOWS\System32\sechost.dll
0x00007ffb50710000 - 0x00007ffb50830000 	C:\WINDOWS\System32\RPCRT4.dll
0x00007ffb51140000 - 0x00007ffb512d4000 	C:\WINDOWS\System32\USER32.dll
0x00007ffb4e790000 - 0x00007ffb4e7b1000 	C:\WINDOWS\System32\win32u.dll
0x00007ffb50910000 - 0x00007ffb50936000 	C:\WINDOWS\System32\GDI32.dll
0x00007ffb4e910000 - 0x00007ffb4eaa4000 	C:\WINDOWS\System32\gdi32full.dll
0x00007ffb4e870000 - 0x00007ffb4e90e000 	C:\WINDOWS\System32\msvcp_win.dll
0x00007ffb4f330000 - 0x00007ffb4f42a000 	C:\WINDOWS\System32\ucrtbase.dll
0x00007ffb3f6e0000 - 0x00007ffb3f965000 	C:\WINDOWS\WinSxS\amd64_microsoft.windows.common-controls_6595b64144ccf1df_6.0.18362.418_none_e6c6b287130d565d\COMCTL32.dll
0x00007ffb50110000 - 0x00007ffb50446000 	C:\WINDOWS\System32\combase.dll
0x00007ffb4f2b0000 - 0x00007ffb4f330000 	C:\WINDOWS\System32\bcryptPrimitives.dll
0x00007ffb504b0000 - 0x00007ffb504de000 	C:\WINDOWS\System32\IMM32.DLL
0x0000000064820000 - 0x00000000648f2000 	C:\Program Files\Android\Android Studio1\jre\jre\bin\msvcr100.dll
0x0000000064ab0000 - 0x00000000652f6000 	C:\Program Files\Android\Android Studio1\jre\jre\bin\server\jvm.dll
0x00007ffb50640000 - 0x00007ffb50648000 	C:\WINDOWS\System32\PSAPI.DLL
0x00007ffb3d3f0000 - 0x00007ffb3d3f9000 	C:\WINDOWS\SYSTEM32\WSOCK32.dll
0x00007ffb510d0000 - 0x00007ffb5113f000 	C:\WINDOWS\System32\WS2_32.dll
0x00007ffb485e0000 - 0x00007ffb48604000 	C:\WINDOWS\SYSTEM32\WINMM.dll
0x00007ffb47540000 - 0x00007ffb4754a000 	C:\WINDOWS\SYSTEM32\VERSION.dll
0x00007ffb485b0000 - 0x00007ffb485dd000 	C:\WINDOWS\SYSTEM32\WINMMBASE.dll
0x00007ffb4f430000 - 0x00007ffb4f47a000 	C:\WINDOWS\System32\cfgmgr32.dll
0x00007ffb49260000 - 0x00007ffb4926f000 	C:\Program Files\Android\Android Studio1\jre\jre\bin\verify.dll
0x00007ffb49230000 - 0x00007ffb49259000 	C:\Program Files\Android\Android Studio1\jre\jre\bin\java.dll
0x00007ffb49210000 - 0x00007ffb49226000 	C:\Program Files\Android\Android Studio1\jre\jre\bin\zip.dll
0x00007ffb509e0000 - 0x00007ffb510c5000 	C:\WINDOWS\System32\SHELL32.dll
0x00007ffb4ff70000 - 0x00007ffb50019000 	C:\WINDOWS\System32\shcore.dll
0x00007ffb4ead0000 - 0x00007ffb4f24f000 	C:\WINDOWS\System32\windows.storage.dll
0x00007ffb4e490000 - 0x00007ffb4e4af000 	C:\WINDOWS\System32\profapi.dll
0x00007ffb4e400000 - 0x00007ffb4e44a000 	C:\WINDOWS\System32\powrprof.dll
0x00007ffb4e3f0000 - 0x00007ffb4e400000 	C:\WINDOWS\System32\UMPDC.dll
0x00007ffb50830000 - 0x00007ffb50882000 	C:\WINDOWS\System32\shlwapi.dll
0x00007ffb4e450000 - 0x00007ffb4e461000 	C:\WINDOWS\System32\kernel.appcore.dll
0x00007ffb4eab0000 - 0x00007ffb4eac7000 	C:\WINDOWS\System32\cryptsp.dll
0x00007ffb491f0000 - 0x00007ffb4920a000 	C:\Program Files\Android\Android Studio1\jre\jre\bin\net.dll
0x00007ffb4dc60000 - 0x00007ffb4dcc7000 	C:\WINDOWS\system32\mswsock.dll
0x00007ffb491d0000 - 0x00007ffb491e1000 	C:\Program Files\Android\Android Studio1\jre\jre\bin\nio.dll
0x00007ffb4ae30000 - 0x00007ffb4ae56000 	C:\Users\Franck\.gradle\native\29\windows-amd64\native-platform.dll
0x00007ffb491c0000 - 0x00007ffb491cd000 	C:\Program Files\Android\Android Studio1\jre\jre\bin\management.dll
0x00007ffb4d7d0000 - 0x00007ffb4d803000 	C:\WINDOWS\system32\rsaenh.dll
0x00007ffb4e760000 - 0x00007ffb4e786000 	C:\WINDOWS\System32\bcrypt.dll
0x00007ffb4e310000 - 0x00007ffb4e335000 	C:\WINDOWS\SYSTEM32\USERENV.dll
0x00007ffb4de30000 - 0x00007ffb4de3c000 	C:\WINDOWS\SYSTEM32\CRYPTBASE.dll
0x00007ffb4d970000 - 0x00007ffb4d9aa000 	C:\WINDOWS\SYSTEM32\IPHLPAPI.DLL
0x00007ffb4ff60000 - 0x00007ffb4ff68000 	C:\WINDOWS\System32\NSI.dll
0x00007ffb44f30000 - 0x00007ffb44f46000 	C:\WINDOWS\SYSTEM32\dhcpcsvc6.DLL
0x00007ffb464f0000 - 0x00007ffb4650c000 	C:\WINDOWS\SYSTEM32\dhcpcsvc.DLL
0x00007ffb4d9b0000 - 0x00007ffb4da7a000 	C:\WINDOWS\SYSTEM32\DNSAPI.dll
0x00007ffb00f30000 - 0x00007ffb00f54000 	C:\Program Files\Android\Android Studio1\jre\jre\bin\sunec.dll
0x00007ffb3dbc0000 - 0x00007ffb3dbca000 	C:\Windows\System32\rasadhlp.dll
0x00007ffb43470000 - 0x00007ffb434e7000 	C:\WINDOWS\System32\fwpuclnt.dll
0x00007ffb08460000 - 0x00007ffb0846b000 	C:\Program Files\Android\Android Studio1\jre\jre\bin\sunmscapi.dll
0x00007ffb4f480000 - 0x00007ffb4f5c9000 	C:\WINDOWS\System32\CRYPT32.dll
0x00007ffb4e470000 - 0x00007ffb4e482000 	C:\WINDOWS\System32\MSASN1.dll

VM Arguments:
jvm_args: -Xmx1536m -Dfile.encoding=windows-1251 -Duser.country=RU -Duser.language=ru -Duser.variant 
java_command: org.gradle.launcher.daemon.bootstrap.GradleDaemon 5.4.1
java_class_path (initial): C:\Users\Franck\.gradle\wrapper\dists\gradle-5.4.1-all\3221gyojl5jsh0helicew7rwx\gradle-5.4.1\lib\gradle-launcher-5.4.1.jar
Launcher Type: SUN_STANDARD

Environment Variables:
JAVA_HOME=C:\Program Files\Java\jdk1.8.0_171
PATH=C:\Program Files (x86)\Common Files\Oracle\Java\javapath;C:\Program Files (x86)\Common Files\Intel\Shared Libraries\redist\intel64\compiler;C:\WINDOWS\system32;C:\WINDOWS;C:\WINDOWS\System32\Wbem;C:\WINDOWS\System32\WindowsPowerShell\v1.0\;C:\Program Files\Git\cmd;C:\FPC\2.6.4\bin\i386-Win32;C:\PostgreSQL\pg10\bin;C:\WINDOWS\System32\OpenSSH\;C:\Anaconda;C:\Program Files (x86)\Microsoft SQL Server\Client SDK\ODBC\130\Tools\Binn\;C:\Program Files (x86)\Microsoft SQL Server\140\Tools\Binn\;C:\Program Files (x86)\Microsoft SQL Server\140\DTS\Binn\;C:\Program Files (x86)\Microsoft SQL Server\140\Tools\Binn\ManagementStudio\;C:\Program Files\Geth;C:\Program Files (x86)\QuickTime\QTSystem\;C:\Program Files\dotnet\;C:\Program Files (x86)\dotnet\;C:\Go\bin;C:\Program Files\PuTTY\;C:\Users\Franck\AppData\Roaming\nvm;C:\Program Files\nodejs;D:\ANACONDA;D:\ANACONDA\Library\mingw-w64\bin;D:\ANACONDA\Library\usr\bin;D:\ANACONDA\Library\bin;D:\ANACONDA\Scripts;C:\Users\Franck\AppData\Local\Microsoft\WindowsApps;C:\Users\Franck\AppData\Local\now-cli;C:\Program Files\expload\pravda\bin;C:\Users\Franck\.dotnet\tools;C:\Users\Franck\go\bin;D:\golang\GoLand 2018.3.1\bin;;C:\adb;C:\Program Files\Java\jdk1.7.0_80\bin;D:\Microsoft VS Code\bin;D:\download\flutter_windows_v1.5.4-hotfix.2-stable\flutter\bin;D:\Android\Sdk\platform-tools;D:\Android\Sdk\platform;D:\Android\Sdk;D:\green_certif\greencertificates\node_modules\sleep\build\binding.sln;C:\Users\Franck\AppData\Roaming\npm;C:\Users\Franck\AppData\Roaming\nvm;C:\Program Files\nodejs;C:\Program Files\heroku\bin;C:\Users\Franck\AppData\Local\Microsoft\WindowsApps;;D:\GAMENODE\JetBrains Rider 2019.2.2\bin;
USERNAME=Franck
OS=Windows_NT
PROCESSOR_IDENTIFIER=Intel64 Family 6 Model 60 Stepping 3, GenuineIntel



---------------  S Y S T E M  ---------------

OS: Windows 10.0 , 64 bit Build 18362 (10.0.18362.329)

CPU:total 8 (initial active 8) (4 cores per cpu, 2 threads per core) family 6 model 60 stepping 3, cmov, cx8, fxsr, mmx, sse, sse2, sse3, ssse3, sse4.1, sse4.2, popcnt, avx, avx2, aes, clmul, erms, lzcnt, ht, tsc, tscinvbit, bmi1, bmi2

Memory: 4k page, physical 8305716k(559460k free), swap 10865716k(1488k free)

vm_info: OpenJDK 64-Bit Server VM (25.202-b03) for windows-amd64 JRE (1.8.0_202-release-1483-b03), built by "builder" with MS VC++ 10.0 (VS2010)

time: Sun Oct 27 12:43:49 2019
timezone: Беларусь (зима)
elapsed time: 8017 seconds (0d 2h 13m 37s)

