#
# There is insufficient memory for the Java Runtime Environment to continue.
# Native memory allocation (malloc) failed to allocate 2048816 bytes for Chunk::new
# Possible reasons:
#   The system is out of physical RAM or swap space
#   The process is running with CompressedOops enabled, and the Java Heap may be blocking the growth of the native heap
# Possible solutions:
#   Reduce memory load on the system
#   Increase physical memory or swap space
#   Check if swap backing store is full
#   Decrease Java heap size (-Xmx/-Xms)
#   Decrease number of Java threads
#   Decrease Java thread stack sizes (-Xss)
#   Set larger code cache with -XX:ReservedCodeCacheSize=
#   JVM is running with Unscaled Compressed Oops mode in which the Java heap is
#     placed in the first 4GB address space. The Java Heap base address is the
#     maximum limit for the native heap growth. Please use -XX:HeapBaseMinAddress
#     to set the Java Heap base and to place the Java Heap above 4GB virtual address.
# This output file may be truncated or incomplete.
#
#  Out of Memory Error (allocation.cpp:389), pid=19272, tid=0x0000000000002e48
#
# JRE version: OpenJDK Runtime Environment (8.0_202-b03) (build 1.8.0_202-release-1483-b03)
# Java VM: OpenJDK 64-Bit Server VM (25.202-b03 mixed mode windows-amd64 compressed oops)
# Failed to write core dump. Minidumps are not enabled by default on client versions of Windows
#

---------------  T H R E A D  ---------------

Current thread (0x0000000015feb000):  JavaThread "C2 CompilerThread0" daemon [_thread_in_native, id=11848, stack(0x00000000186f0000,0x00000000187f0000)]

Stack: [0x00000000186f0000,0x00000000187f0000]
[error occurred during error reporting (printing stack bounds), id 0xc0000005]

Native frames: (J=compiled Java code, j=interpreted, Vv=VM code, C=native code)


Current CompileTask:
C2:  22984 9279   !   4       java.io.ObjectOutputStream::writeObject0 (619 bytes)


---------------  P R O C E S S  ---------------

Java Threads: ( => current thread )
  0x000000001de4c800 JavaThread "ForkJoinPool.commonPool-worker-7" daemon [_thread_blocked, id=17116, stack(0x0000000027090000,0x0000000027190000)]
  0x000000001de4e000 JavaThread "ForkJoinPool.commonPool-worker-6" daemon [_thread_blocked, id=10068, stack(0x0000000026f90000,0x0000000027090000)]
  0x000000001de4b000 JavaThread "ForkJoinPool.commonPool-worker-5" daemon [_thread_blocked, id=6944, stack(0x0000000026e90000,0x0000000026f90000)]
  0x000000001de4b800 JavaThread "ForkJoinPool.commonPool-worker-4" daemon [_thread_blocked, id=6416, stack(0x0000000026c50000,0x0000000026d50000)]
  0x000000001de43800 JavaThread "ForkJoinPool.commonPool-worker-3" daemon [_thread_blocked, id=3812, stack(0x0000000026d90000,0x0000000026e90000)]
  0x000000001de42000 JavaThread "ForkJoinPool.commonPool-worker-2" daemon [_thread_blocked, id=9964, stack(0x0000000026b50000,0x0000000026c50000)]
  0x000000001de48800 JavaThread "ForkJoinPool.commonPool-worker-1" daemon [_thread_blocked, id=7052, stack(0x0000000026a50000,0x0000000026b50000)]
  0x000000001de45800 JavaThread "WorkerExecutor Queue Thread 2" [_thread_blocked, id=4724, stack(0x0000000026950000,0x0000000026a50000)]
  0x000000001de41000 JavaThread "Cache worker for Java compile cache (E:\utonhack\android2\.gradle\5.4.1\javaCompile)" [_thread_blocked, id=14984, stack(0x0000000026250000,0x0000000026350000)]
  0x000000001de44000 JavaThread "Cache worker for Java compile cache (C:\Users\Franck\.gradle\caches\5.4.1\javaCompile)" [_thread_blocked, id=10244, stack(0x0000000026150000,0x0000000026250000)]
  0x000000001de42800 JavaThread "WorkerExecutor Queue" [_thread_in_Java, id=19376, stack(0x0000000026050000,0x0000000026150000)]
  0x000000001de45000 JavaThread "Cache worker for execution history cache (E:\utonhack\android2\.gradle\5.4.1\executionHistory)" [_thread_blocked, id=9444, stack(0x0000000025c50000,0x0000000025d50000)]
  0x000000001de46800 JavaThread "Execution worker for ':' Thread 7" [_thread_blocked, id=4216, stack(0x00000000248a0000,0x00000000249a0000)]
  0x000000001de48000 JavaThread "Execution worker for ':' Thread 6" [_thread_blocked, id=15832, stack(0x00000000247a0000,0x00000000248a0000)]
  0x000000001ce21000 JavaThread "Execution worker for ':' Thread 5" [_thread_in_vm, id=11800, stack(0x00000000246a0000,0x00000000247a0000)]
  0x000000001ce20000 JavaThread "Execution worker for ':' Thread 4" [_thread_blocked, id=11080, stack(0x00000000245a0000,0x00000000246a0000)]
  0x000000001ce1f800 JavaThread "Execution worker for ':' Thread 3" [_thread_blocked, id=10072, stack(0x00000000244a0000,0x00000000245a0000)]
  0x000000001ce1e800 JavaThread "Execution worker for ':' Thread 2" [_thread_in_Java, id=1660, stack(0x00000000243a0000,0x00000000244a0000)]
  0x000000001ce1e000 JavaThread "Execution worker for ':'" [_thread_blocked, id=19192, stack(0x0000000023bf0000,0x0000000023cf0000)]
  0x000000001ce22800 JavaThread "Cache worker for file content cache (E:\utonhack\android2\.gradle\5.4.1\fileContent)" [_thread_blocked, id=16524, stack(0x0000000023af0000,0x0000000023bf0000)]
  0x000000001ce1d000 JavaThread "Cache worker for file content cache (C:\Users\Franck\.gradle\caches\5.4.1\fileContent)" [_thread_blocked, id=8644, stack(0x00000000239f0000,0x0000000023af0000)]
  0x000000001ce21800 JavaThread "Memory manager" [_thread_blocked, id=18568, stack(0x00000000238f0000,0x00000000239f0000)]
  0x000000001ce1c800 JavaThread "Cache worker for Build Output Cleanup Cache (E:\utonhack\android2\.gradle\buildOutputCleanup)" [_thread_blocked, id=2392, stack(0x0000000020fc0000,0x00000000210c0000)]
  0x000000001ce13000 JavaThread "Build operations Thread 8" [_thread_blocked, id=18500, stack(0x0000000021a20000,0x0000000021b20000)]
  0x000000001ce1a000 JavaThread "Build operations Thread 7" [_thread_blocked, id=15796, stack(0x0000000021920000,0x0000000021a20000)]
  0x000000001ce14000 JavaThread "Build operations Thread 6" [_thread_blocked, id=1692, stack(0x0000000021820000,0x0000000021920000)]
  0x000000001ce18800 JavaThread "Build operations Thread 5" [_thread_blocked, id=8044, stack(0x0000000021720000,0x0000000021820000)]
  0x000000001ce18000 JavaThread "Build operations Thread 4" [_thread_blocked, id=12212, stack(0x0000000021620000,0x0000000021720000)]
  0x000000001ce14800 JavaThread "Build operations Thread 3" [_thread_blocked, id=15252, stack(0x00000000212d0000,0x00000000213d0000)]
  0x000000001ce16000 JavaThread "Build operations Thread 2" [_thread_blocked, id=18152, stack(0x00000000211d0000,0x00000000212d0000)]
  0x000000001ce17000 JavaThread "Build operations" [_thread_blocked, id=5208, stack(0x00000000210d0000,0x00000000211d0000)]
  0x000000001ce19800 JavaThread "Cache worker for execution history cache (C:\Users\Franck\.gradle\caches\5.4.1\executionHistory)" [_thread_blocked, id=11520, stack(0x0000000020ec0000,0x0000000020fc0000)]
  0x0000000019940000 JavaThread "Cache worker for cache directory md-rule (C:\Users\Franck\.gradle\caches\5.4.1\md-rule)" [_thread_blocked, id=8744, stack(0x000000001f790000,0x000000001f890000)]
  0x0000000019943800 JavaThread "Cache worker for cache directory md-supplier (C:\Users\Franck\.gradle\caches\5.4.1\md-supplier)" [_thread_blocked, id=4108, stack(0x000000001f0c0000,0x000000001f1c0000)]
  0x000000001993f000 JavaThread "Cache worker for file hash cache (E:\utonhack\android2\.gradle\5.4.1\fileHashes)" [_thread_blocked, id=18564, stack(0x000000001f290000,0x000000001f390000)]
  0x0000000019943000 JavaThread "Cache worker for journal cache (C:\Users\Franck\.gradle\caches\journal-1)" [_thread_blocked, id=6360, stack(0x000000001ba50000,0x000000001bb50000)]
  0x0000000019940800 JavaThread "File lock request listener" [_thread_in_native, id=15156, stack(0x000000001b950000,0x000000001ba50000)]
  0x000000001a245000 JavaThread "Cache worker for file hash cache (C:\Users\Franck\.gradle\caches\5.4.1\fileHashes)" [_thread_blocked, id=9656, stack(0x000000001b850000,0x000000001b950000)]
  0x000000001a016800 JavaThread "Thread-9" [_thread_blocked, id=16052, stack(0x000000001b750000,0x000000001b850000)]
  0x0000000019cf2000 JavaThread "Stdin handler" [_thread_blocked, id=6620, stack(0x000000001b650000,0x000000001b750000)]
  0x0000000019ced800 JavaThread "Asynchronous log dispatcher for DefaultDaemonConnection: socket connection from /127.0.0.1:55198 to /127.0.0.1:55199" [_thread_blocked, id=7876, stack(0x000000001b450000,0x000000001b550000)]
  0x0000000018d35800 JavaThread "Daemon worker" [_thread_blocked, id=13836, stack(0x000000001b350000,0x000000001b450000)]
  0x0000000018d34800 JavaThread "Cancel handler" [_thread_blocked, id=19312, stack(0x000000001b250000,0x000000001b350000)]
  0x0000000017f49000 JavaThread "Handler for socket connection from /127.0.0.1:55198 to /127.0.0.1:55199" [_thread_in_native, id=17624, stack(0x000000001af50000,0x000000001b050000)]
  0x0000000017f46000 JavaThread "Daemon" [_thread_blocked, id=17712, stack(0x000000001ae50000,0x000000001af50000)]
  0x0000000018f16000 JavaThread "Daemon periodic checks" [_thread_blocked, id=2452, stack(0x000000001ad50000,0x000000001ae50000)]
  0x0000000018f1b000 JavaThread "Incoming local TCP Connector on port 55198" [_thread_in_native, id=17612, stack(0x000000001ab00000,0x000000001ac00000)]
  0x0000000019fdc000 JavaThread "Daemon health stats" [_thread_blocked, id=19128, stack(0x000000001a4c0000,0x000000001a5c0000)]
  0x0000000017eab800 JavaThread "Service Thread" daemon [_thread_blocked, id=15188, stack(0x0000000018af0000,0x0000000018bf0000)]
  0x0000000017e28800 JavaThread "C1 CompilerThread3" daemon [_thread_in_vm, id=13276, stack(0x00000000189f0000,0x0000000018af0000)]
  0x0000000017e1e000 JavaThread "C2 CompilerThread2" daemon [_thread_in_native, id=14232, stack(0x00000000188f0000,0x00000000189f0000)]
  0x0000000015fed800 JavaThread "C2 CompilerThread1" daemon [_thread_in_native, id=17364, stack(0x00000000187f0000,0x00000000188f0000)]
=>0x0000000015feb000 JavaThread "C2 CompilerThread0" daemon [_thread_in_native, id=11848, stack(0x00000000186f0000,0x00000000187f0000)]
  0x0000000017e15800 JavaThread "Attach Listener" daemon [_thread_blocked, id=17072, stack(0x00000000185f0000,0x00000000186f0000)]
  0x0000000017e14800 JavaThread "Signal Dispatcher" daemon [_thread_blocked, id=4604, stack(0x00000000184f0000,0x00000000185f0000)]
  0x000000000215d800 JavaThread "Finalizer" daemon [_thread_blocked, id=6900, stack(0x00000000182e0000,0x00000000183e0000)]
  0x0000000017e00800 JavaThread "Reference Handler" daemon [_thread_blocked, id=14728, stack(0x00000000181e0000,0x00000000182e0000)]
  0x0000000002062800 JavaThread "main" [_thread_blocked, id=18060, stack(0x0000000001f00000,0x0000000002000000)]

Other Threads:
  0x0000000015fd7000 VMThread [stack: 0x0000000017ce0000,0x0000000017de0000] [id=9016]
  0x0000000017eac800 WatcherThread [stack: 0x0000000018bf0000,0x0000000018cf0000] [id=16776]

VM state:not at safepoint (normal execution)

VM Mutex/Monitor currently owned by a thread: None

heap address: 0x00000000a0000000, size: 1536 MB, Compressed Oops mode: 32-bit
Narrow klass base: 0x0000000000000000, Narrow klass shift: 3
Compressed class space size: 1073741824 Address: 0x0000000100000000

Heap:
 PSYoungGen      total 196608K, used 191127K [0x00000000e0000000, 0x00000000ed480000, 0x0000000100000000)
  eden space 178176K, 99% used [0x00000000e0000000,0x00000000eacd5bb0,0x00000000eae00000)
  from space 18432K, 76% used [0x00000000ec100000,0x00000000eced0168,0x00000000ed300000)
  to   space 19456K, 0% used [0x00000000eae00000,0x00000000eae00000,0x00000000ec100000)
 ParOldGen       total 134656K, used 41539K [0x00000000a0000000, 0x00000000a8380000, 0x00000000e0000000)
  object space 134656K, 30% used [0x00000000a0000000,0x00000000a2890c08,0x00000000a8380000)
 Metaspace       used 69490K, capacity 72066K, committed 72088K, reserved 1112064K
  class space    used 9374K, capacity 9874K, committed 9896K, reserved 1048576K

Card table byte_map: [0x00000000115e0000,0x00000000118f0000] byte_map_base: 0x00000000110e0000

Marking Bits: (ParMarkBitMap*) 0x0000000065279f30
 Begin Bits: [0x00000000122f0000, 0x0000000013af0000)
 End Bits:   [0x0000000013af0000, 0x00000000152f0000)

Polling page: 0x0000000000700000

CodeCache: size=245760Kb used=26484Kb max_used=26537Kb free=219275Kb
 bounds [0x0000000002220000, 0x0000000003c30000, 0x0000000011220000]
 total_blobs=9041 nmethods=8218 adapters=735
 compilation: enabled

Compilation events (10 events):
Event: 22.982 Thread 0x0000000017e28800 nmethod 9618 0x00000000038bae50 code [0x00000000038bafc0, 0x00000000038bb250]
Event: 22.982 Thread 0x0000000017e28800 9620       3       com.android.tools.r8.t.a.a.f::c (52 bytes)
Event: 22.983 Thread 0x0000000017e28800 nmethod 9620 0x00000000038ba990 code [0x00000000038bab00, 0x00000000038bad10]
Event: 22.983 Thread 0x0000000017e28800 9613       1       com.android.tools.r8.graph.y::b (5 bytes)
Event: 22.983 Thread 0x0000000017e28800 nmethod 9613 0x00000000039237d0 code [0x0000000003923920, 0x0000000003923a10]
Event: 22.983 Thread 0x0000000017e28800 9614       1       com.android.tools.r8.graph.y::c (5 bytes)
Event: 22.983 Thread 0x0000000017e28800 nmethod 9614 0x000000000391ecd0 code [0x000000000391ee20, 0x000000000391ef10]
Event: 22.983 Thread 0x0000000017e28800 9615       1       com.android.tools.r8.graph.y::k (5 bytes)
Event: 22.983 Thread 0x0000000017e28800 nmethod 9615 0x00000000038ba6d0 code [0x00000000038ba820, 0x00000000038ba910]
Event: 22.983 Thread 0x0000000017e28800 9616       1       com.android.tools.r8.graph.y::l (5 bytes)

GC Heap History (10 events):
Event: 14.407 GC heap before
{Heap before GC invocations=19 (full 3):
 PSYoungGen      total 143872K, used 135004K [0x00000000e0000000, 0x00000000eab00000, 0x0000000100000000)
  eden space 129024K, 100% used [0x00000000e0000000,0x00000000e7e00000,0x00000000e7e00000)
  from space 14848K, 40% used [0x00000000e7e00000,0x00000000e83d73e0,0x00000000e8c80000)
  to   space 14336K, 0% used [0x00000000e9d00000,0x00000000e9d00000,0x00000000eab00000)
 ParOldGen       total 134656K, used 32847K [0x00000000a0000000, 0x00000000a8380000, 0x00000000e0000000)
  object space 134656K, 24% used [0x00000000a0000000,0x00000000a2013c08,0x00000000a8380000)
 Metaspace       used 60520K, capacity 62768K, committed 63000K, reserved 1103872K
  class space    used 8242K, capacity 8711K, committed 8744K, reserved 1048576K
Event: 14.458 GC heap after
Heap after GC invocations=19 (full 3):
 PSYoungGen      total 160768K, used 8384K [0x00000000e0000000, 0x00000000eaf80000, 0x0000000100000000)
  eden space 146432K, 0% used [0x00000000e0000000,0x00000000e0000000,0x00000000e8f00000)
  from space 14336K, 58% used [0x00000000e9d00000,0x00000000ea530000,0x00000000eab00000)
  to   space 14336K, 0% used [0x00000000e8f00000,0x00000000e8f00000,0x00000000e9d00000)
 ParOldGen       total 134656K, used 32855K [0x00000000a0000000, 0x00000000a8380000, 0x00000000e0000000)
  object space 134656K, 24% used [0x00000000a0000000,0x00000000a2015c08,0x00000000a8380000)
 Metaspace       used 60520K, capacity 62768K, committed 63000K, reserved 1103872K
  class space    used 8242K, capacity 8711K, committed 8744K, reserved 1048576K
}
Event: 15.103 GC heap before
{Heap before GC invocations=20 (full 3):
 PSYoungGen      total 160768K, used 154816K [0x00000000e0000000, 0x00000000eaf80000, 0x0000000100000000)
  eden space 146432K, 100% used [0x00000000e0000000,0x00000000e8f00000,0x00000000e8f00000)
  from space 14336K, 58% used [0x00000000e9d00000,0x00000000ea530000,0x00000000eab00000)
  to   space 14336K, 0% used [0x00000000e8f00000,0x00000000e8f00000,0x00000000e9d00000)
 ParOldGen       total 134656K, used 32855K [0x00000000a0000000, 0x00000000a8380000, 0x00000000e0000000)
  object space 134656K, 24% used [0x00000000a0000000,0x00000000a2015c08,0x00000000a8380000)
 Metaspace       used 60549K, capacity 62768K, committed 63000K, reserved 1103872K
  class space    used 8244K, capacity 8711K, committed 8744K, reserved 1048576K
Event: 15.113 GC heap after
Heap after GC invocations=20 (full 3):
 PSYoungGen      total 160768K, used 7648K [0x00000000e0000000, 0x00000000eb980000, 0x0000000100000000)
  eden space 146432K, 0% used [0x00000000e0000000,0x00000000e0000000,0x00000000e8f00000)
  from space 14336K, 53% used [0x00000000e8f00000,0x00000000e9678000,0x00000000e9d00000)
  to   space 13824K, 0% used [0x00000000eac00000,0x00000000eac00000,0x00000000eb980000)
 ParOldGen       total 134656K, used 32863K [0x00000000a0000000, 0x00000000a8380000, 0x00000000e0000000)
  object space 134656K, 24% used [0x00000000a0000000,0x00000000a2017c08,0x00000000a8380000)
 Metaspace       used 60549K, capacity 62768K, committed 63000K, reserved 1103872K
  class space    used 8244K, capacity 8711K, committed 8744K, reserved 1048576K
}
Event: 16.231 GC heap before
{Heap before GC invocations=21 (full 3):
 PSYoungGen      total 160768K, used 154080K [0x00000000e0000000, 0x00000000eb980000, 0x0000000100000000)
  eden space 146432K, 100% used [0x00000000e0000000,0x00000000e8f00000,0x00000000e8f00000)
  from space 14336K, 53% used [0x00000000e8f00000,0x00000000e9678000,0x00000000e9d00000)
  to   space 13824K, 0% used [0x00000000eac00000,0x00000000eac00000,0x00000000eb980000)
 ParOldGen       total 134656K, used 32863K [0x00000000a0000000, 0x00000000a8380000, 0x00000000e0000000)
  object space 134656K, 24% used [0x00000000a0000000,0x00000000a2017c08,0x00000000a8380000)
 Metaspace       used 61483K, capacity 63702K, committed 63896K, reserved 1103872K
  class space    used 8354K, capacity 8808K, committed 8872K, reserved 1048576K
Event: 16.257 GC heap after
Heap after GC invocations=21 (full 3):
 PSYoungGen      total 175104K, used 13015K [0x00000000e0000000, 0x00000000ebc80000, 0x0000000100000000)
  eden space 161280K, 0% used [0x00000000e0000000,0x00000000e0000000,0x00000000e9d80000)
  from space 13824K, 94% used [0x00000000eac00000,0x00000000eb8b5f08,0x00000000eb980000)
  to   space 14848K, 0% used [0x00000000e9d80000,0x00000000e9d80000,0x00000000eac00000)
 ParOldGen       total 134656K, used 32871K [0x00000000a0000000, 0x00000000a8380000, 0x00000000e0000000)
  object space 134656K, 24% used [0x00000000a0000000,0x00000000a2019c08,0x00000000a8380000)
 Metaspace       used 61483K, capacity 63702K, committed 63896K, reserved 1103872K
  class space    used 8354K, capacity 8808K, committed 8872K, reserved 1048576K
}
Event: 18.370 GC heap before
{Heap before GC invocations=22 (full 3):
 PSYoungGen      total 175104K, used 174295K [0x00000000e0000000, 0x00000000ebc80000, 0x0000000100000000)
  eden space 161280K, 100% used [0x00000000e0000000,0x00000000e9d80000,0x00000000e9d80000)
  from space 13824K, 94% used [0x00000000eac00000,0x00000000eb8b5f08,0x00000000eb980000)
  to   space 14848K, 0% used [0x00000000e9d80000,0x00000000e9d80000,0x00000000eac00000)
 ParOldGen       total 134656K, used 32871K [0x00000000a0000000, 0x00000000a8380000, 0x00000000e0000000)
  object space 134656K, 24% used [0x00000000a0000000,0x00000000a2019c08,0x00000000a8380000)
 Metaspace       used 61523K, capacity 63836K, committed 64152K, reserved 1103872K
  class space    used 8355K, capacity 8809K, committed 8872K, reserved 1048576K
Event: 18.402 GC heap after
Heap after GC invocations=22 (full 3):
 PSYoungGen      total 176128K, used 14816K [0x00000000e0000000, 0x00000000ed300000, 0x0000000100000000)
  eden space 161280K, 0% used [0x00000000e0000000,0x00000000e0000000,0x00000000e9d80000)
  from space 14848K, 99% used [0x00000000e9d80000,0x00000000eabf8020,0x00000000eac00000)
  to   space 18432K, 0% used [0x00000000ec100000,0x00000000ec100000,0x00000000ed300000)
 ParOldGen       total 134656K, used 37311K [0x00000000a0000000, 0x00000000a8380000, 0x00000000e0000000)
  object space 134656K, 27% used [0x00000000a0000000,0x00000000a246fc68,0x00000000a8380000)
 Metaspace       used 61523K, capacity 63836K, committed 64152K, reserved 1103872K
  class space    used 8355K, capacity 8809K, committed 8872K, reserved 1048576K
}
Event: 20.124 GC heap before
{Heap before GC invocations=23 (full 3):
 PSYoungGen      total 176128K, used 176096K [0x00000000e0000000, 0x00000000ed300000, 0x0000000100000000)
  eden space 161280K, 100% used [0x00000000e0000000,0x00000000e9d80000,0x00000000e9d80000)
  from space 14848K, 99% used [0x00000000e9d80000,0x00000000eabf8020,0x00000000eac00000)
  to   space 18432K, 0% used [0x00000000ec100000,0x00000000ec100000,0x00000000ed300000)
 ParOldGen       total 134656K, used 37311K [0x00000000a0000000, 0x00000000a8380000, 0x00000000e0000000)
  object space 134656K, 27% used [0x00000000a0000000,0x00000000a246fc68,0x00000000a8380000)
 Metaspace       used 61525K, capacity 63836K, committed 64152K, reserved 1103872K
  class space    used 8355K, capacity 8809K, committed 8872K, reserved 1048576K
Event: 20.150 GC heap after
Heap after GC invocations=23 (full 3):
 PSYoungGen      total 196608K, used 14144K [0x00000000e0000000, 0x00000000ed480000, 0x0000000100000000)
  eden space 178176K, 0% used [0x00000000e0000000,0x00000000e0000000,0x00000000eae00000)
  from space 18432K, 76% used [0x00000000ec100000,0x00000000eced0168,0x00000000ed300000)
  to   space 19456K, 0% used [0x00000000eae00000,0x00000000eae00000,0x00000000ec100000)
 ParOldGen       total 134656K, used 41539K [0x00000000a0000000, 0x00000000a8380000, 0x00000000e0000000)
  object space 134656K, 30% used [0x00000000a0000000,0x00000000a2890c08,0x00000000a8380000)
 Metaspace       used 61525K, capacity 63836K, committed 64152K, reserved 1103872K
  class space    used 8355K, capacity 8809K, committed 8872K, reserved 1048576K
}

Deoptimization events (10 events):
Event: 22.751 Thread 0x000000001de42800 Uncommon trap: reason=unstable_if action=reinterpret pc=0x0000000003bf1db4 method=sun.nio.ch.Util$BufferCache.get(I)Ljava/nio/ByteBuffer; @ 25
Event: 22.799 Thread 0x000000001ce21000 Uncommon trap: reason=bimorphic action=maybe_recompile pc=0x0000000002c4af1c method=java.util.concurrent.ConcurrentHashMap.putVal(Ljava/lang/Object;Ljava/lang/Object;Z)Ljava/lang/Object; @ 192
Event: 22.800 Thread 0x000000001de46800 Uncommon trap: reason=bimorphic action=maybe_recompile pc=0x0000000002c4af1c method=java.util.concurrent.ConcurrentHashMap.putVal(Ljava/lang/Object;Ljava/lang/Object;Z)Ljava/lang/Object; @ 192
Event: 22.800 Thread 0x000000001ce20000 Uncommon trap: reason=bimorphic action=maybe_recompile pc=0x0000000002c4af1c method=java.util.concurrent.ConcurrentHashMap.putVal(Ljava/lang/Object;Ljava/lang/Object;Z)Ljava/lang/Object; @ 192
Event: 22.800 Thread 0x000000001ce1e800 Uncommon trap: reason=bimorphic action=maybe_recompile pc=0x0000000002c4af1c method=java.util.concurrent.ConcurrentHashMap.putVal(Ljava/lang/Object;Ljava/lang/Object;Z)Ljava/lang/Object; @ 192
Event: 22.887 Thread 0x000000001de42800 Uncommon trap: reason=unstable_if action=reinterpret pc=0x00000000030d4e54 method=java.nio.Bits.getShort(Ljava/nio/ByteBuffer;IZ)S @ 1
Event: 22.901 Thread 0x000000001ce21000 Uncommon trap: reason=unstable_if action=reinterpret pc=0x00000000025a9120 method=java.nio.Bits.putInt(Ljava/nio/ByteBuffer;IIZ)V @ 1
Event: 22.946 Thread 0x000000001de46800 Uncommon trap: reason=unstable_if action=reinterpret pc=0x00000000027da12c method=java.util.WeakHashMap.remove(Ljava/lang/Object;)Ljava/lang/Object; @ 94
Event: 22.952 Thread 0x000000001de42800 Uncommon trap: reason=unstable_if action=reinterpret pc=0x00000000037abac0 method=sun.nio.ch.Util$BufferCache.get(I)Ljava/nio/ByteBuffer; @ 47
Event: 22.954 Thread 0x000000001ce1f800 Uncommon trap: reason=unstable_if action=reinterpret pc=0x0000000003689500 method=com.android.tools.r8.utils.t.a(I)Z @ 3

Classes redefined (0 events):
No events

Internal exceptions (10 events):
Event: 22.687 Thread 0x000000001de42800 Exception <a 'java/lang/NoSuchMethodError': java.lang.Object.newSystemTemporaryDirectory()Lcom/android/tools/build/apkzlib/bytestorage/TemporaryDirectory;> (0x00000000e95aa508) thrown at [D:\src\AOSP-openjdk-cygwin\jdk8u\hotspot\src\share\vm\interpreter\l
Event: 22.689 Thread 0x000000001ce21000 Exception <a 'sun/nio/fs/WindowsException'> (0x00000000e95d2b80) thrown at [D:\src\AOSP-openjdk-cygwin\jdk8u\hotspot\src\share\vm\prims\jni.cpp, line 710]
Event: 22.694 Thread 0x000000001ce20000 Exception <a 'sun/nio/fs/WindowsException'> (0x00000000e91ac4f8) thrown at [D:\src\AOSP-openjdk-cygwin\jdk8u\hotspot\src\share\vm\prims\jni.cpp, line 710]
Event: 22.714 Thread 0x000000001de46800 Exception <a 'sun/nio/fs/WindowsException'> (0x00000000e96c84c8) thrown at [D:\src\AOSP-openjdk-cygwin\jdk8u\hotspot\src\share\vm\prims\jni.cpp, line 710]
Event: 22.746 Thread 0x000000001ce1e800 Exception <a 'sun/nio/fs/WindowsException'> (0x00000000e855ad48) thrown at [D:\src\AOSP-openjdk-cygwin\jdk8u\hotspot\src\share\vm\prims\jni.cpp, line 710]
Event: 22.775 Thread 0x0000000018d35800 Exception <a 'sun/nio/fs/WindowsException'> (0x00000000e9dcf468) thrown at [D:\src\AOSP-openjdk-cygwin\jdk8u\hotspot\src\share\vm\prims\jni.cpp, line 710]
Event: 22.786 Thread 0x000000001ce1f800 Exception <a 'sun/nio/fs/WindowsException'> (0x00000000e9e244f0) thrown at [D:\src\AOSP-openjdk-cygwin\jdk8u\hotspot\src\share\vm\prims\jni.cpp, line 710]
Event: 22.832 Thread 0x000000001de48000 Exception <a 'sun/nio/fs/WindowsException'> (0x00000000ea22c258) thrown at [D:\src\AOSP-openjdk-cygwin\jdk8u\hotspot\src\share\vm\prims\jni.cpp, line 710]
Event: 22.841 Thread 0x000000001ce20000 Exception <a 'java/lang/NoSuchMethodError': java.lang.Object.lambda$identity$2(Ljava/lang/Object;)Ljava/lang/Object;> (0x00000000ea153f18) thrown at [D:\src\AOSP-openjdk-cygwin\jdk8u\hotspot\src\share\vm\interpreter\linkResolver.cpp, line 620]
Event: 22.841 Thread 0x0000000018d35800 Exception <a 'java/lang/NoSuchMethodError': java.lang.Object.lambda$identity$2(Ljava/lang/Object;)Ljava/lang/Object;> (0x00000000ea2ba320) thrown at [D:\src\AOSP-openjdk-cygwin\jdk8u\hotspot\src\share\vm\interpreter\linkResolver.cpp, line 620]

Events (10 events):
Event: 22.979 loading class com/android/tools/r8/graph/DexProgramClass
Event: 22.979 loading class com/android/tools/r8/graph/DexProgramClass done
Event: 22.980 loading class com/android/tools/r8/graph/DexProgramClass
Event: 22.980 loading class com/android/tools/r8/graph/DexProgramClass done
Event: 22.981 loading class com/android/tools/r8/graph/InnerClassAttribute
Event: 22.981 loading class com/android/tools/r8/graph/InnerClassAttribute done
Event: 22.982 loading class com/android/tools/r8/ir/code/ConstString
Event: 22.982 loading class com/android/tools/r8/ir/code/ConstString done
Event: 22.983 loading class com/android/tools/r8/utils/DescriptorUtils
Event: 22.983 loading class com/android/tools/r8/utils/DescriptorUtils done


Dynamic libraries:
0x00007ff7ddb50000 - 0x00007ff7ddb81000 	C:\Program Files\Android\Android Studio1\jre\bin\java.exe
0x00007ffb51520000 - 0x00007ffb51710000 	C:\WINDOWS\SYSTEM32\ntdll.dll
0x00007ffb3d420000 - 0x00007ffb3d434000 	C:\Program Files\AVAST Software\Avast\aswhook.dll
0x00007ffb512e0000 - 0x00007ffb51392000 	C:\WINDOWS\System32\KERNEL32.DLL
0x00007ffb4e4b0000 - 0x00007ffb4e753000 	C:\WINDOWS\System32\KERNELBASE.dll
0x00007ffb4feb0000 - 0x00007ffb4ff53000 	C:\WINDOWS\System32\ADVAPI32.dll
0x00007ffb50940000 - 0x00007ffb509de000 	C:\WINDOWS\System32\msvcrt.dll
0x00007ffb4fb90000 - 0x00007ffb4fc27000 	C:\WINDOWS\System32\sechost.dll
0x00007ffb50710000 - 0x00007ffb50830000 	C:\WINDOWS\System32\RPCRT4.dll
0x00007ffb51140000 - 0x00007ffb512d4000 	C:\WINDOWS\System32\USER32.dll
0x00007ffb4e790000 - 0x00007ffb4e7b1000 	C:\WINDOWS\System32\win32u.dll
0x00007ffb50910000 - 0x00007ffb50936000 	C:\WINDOWS\System32\GDI32.dll
0x00007ffb4e910000 - 0x00007ffb4eaa4000 	C:\WINDOWS\System32\gdi32full.dll
0x00007ffb4e870000 - 0x00007ffb4e90e000 	C:\WINDOWS\System32\msvcp_win.dll
0x00007ffb4f330000 - 0x00007ffb4f42a000 	C:\WINDOWS\System32\ucrtbase.dll
0x00007ffb3f6e0000 - 0x00007ffb3f965000 	C:\WINDOWS\WinSxS\amd64_microsoft.windows.common-controls_6595b64144ccf1df_6.0.18362.418_none_e6c6b287130d565d\COMCTL32.dll
0x00007ffb50110000 - 0x00007ffb50446000 	C:\WINDOWS\System32\combase.dll
0x00007ffb4f2b0000 - 0x00007ffb4f330000 	C:\WINDOWS\System32\bcryptPrimitives.dll
0x00007ffb504b0000 - 0x00007ffb504de000 	C:\WINDOWS\System32\IMM32.DLL
0x0000000064820000 - 0x00000000648f2000 	C:\Program Files\Android\Android Studio1\jre\jre\bin\msvcr100.dll
0x0000000064ab0000 - 0x00000000652f6000 	C:\Program Files\Android\Android Studio1\jre\jre\bin\server\jvm.dll
0x00007ffb50640000 - 0x00007ffb50648000 	C:\WINDOWS\System32\PSAPI.DLL
0x00007ffb3d3f0000 - 0x00007ffb3d3f9000 	C:\WINDOWS\SYSTEM32\WSOCK32.dll
0x00007ffb510d0000 - 0x00007ffb5113f000 	C:\WINDOWS\System32\WS2_32.dll
0x00007ffb485e0000 - 0x00007ffb48604000 	C:\WINDOWS\SYSTEM32\WINMM.dll
0x00007ffb47540000 - 0x00007ffb4754a000 	C:\WINDOWS\SYSTEM32\VERSION.dll
0x00007ffb485b0000 - 0x00007ffb485dd000 	C:\WINDOWS\SYSTEM32\WINMMBASE.dll
0x00007ffb4f430000 - 0x00007ffb4f47a000 	C:\WINDOWS\System32\cfgmgr32.dll
0x00007ffb49260000 - 0x00007ffb4926f000 	C:\Program Files\Android\Android Studio1\jre\jre\bin\verify.dll
0x00007ffb49230000 - 0x00007ffb49259000 	C:\Program Files\Android\Android Studio1\jre\jre\bin\java.dll
0x00007ffb49210000 - 0x00007ffb49226000 	C:\Program Files\Android\Android Studio1\jre\jre\bin\zip.dll
0x00007ffb509e0000 - 0x00007ffb510c5000 	C:\WINDOWS\System32\SHELL32.dll
0x00007ffb4ff70000 - 0x00007ffb50019000 	C:\WINDOWS\System32\shcore.dll
0x00007ffb4ead0000 - 0x00007ffb4f24f000 	C:\WINDOWS\System32\windows.storage.dll
0x00007ffb4e490000 - 0x00007ffb4e4af000 	C:\WINDOWS\System32\profapi.dll
0x00007ffb4e400000 - 0x00007ffb4e44a000 	C:\WINDOWS\System32\powrprof.dll
0x00007ffb4e3f0000 - 0x00007ffb4e400000 	C:\WINDOWS\System32\UMPDC.dll
0x00007ffb50830000 - 0x00007ffb50882000 	C:\WINDOWS\System32\shlwapi.dll
0x00007ffb4e450000 - 0x00007ffb4e461000 	C:\WINDOWS\System32\kernel.appcore.dll
0x00007ffb4eab0000 - 0x00007ffb4eac7000 	C:\WINDOWS\System32\cryptsp.dll
0x00007ffb491f0000 - 0x00007ffb4920a000 	C:\Program Files\Android\Android Studio1\jre\jre\bin\net.dll
0x00007ffb4dc60000 - 0x00007ffb4dcc7000 	C:\WINDOWS\system32\mswsock.dll
0x00007ffb491d0000 - 0x00007ffb491e1000 	C:\Program Files\Android\Android Studio1\jre\jre\bin\nio.dll
0x00007ffb4ae30000 - 0x00007ffb4ae56000 	C:\Users\Franck\.gradle\native\29\windows-amd64\native-platform.dll
0x00007ffb491c0000 - 0x00007ffb491cd000 	C:\Program Files\Android\Android Studio1\jre\jre\bin\management.dll
0x00007ffb4d7d0000 - 0x00007ffb4d803000 	C:\WINDOWS\system32\rsaenh.dll
0x00007ffb4e760000 - 0x00007ffb4e786000 	C:\WINDOWS\System32\bcrypt.dll
0x00007ffb4e310000 - 0x00007ffb4e335000 	C:\WINDOWS\SYSTEM32\USERENV.dll
0x00007ffb4de30000 - 0x00007ffb4de3c000 	C:\WINDOWS\SYSTEM32\CRYPTBASE.dll
0x00007ffb4d970000 - 0x00007ffb4d9aa000 	C:\WINDOWS\SYSTEM32\IPHLPAPI.DLL
0x00007ffb4ff60000 - 0x00007ffb4ff68000 	C:\WINDOWS\System32\NSI.dll
0x00007ffb44f30000 - 0x00007ffb44f46000 	C:\WINDOWS\SYSTEM32\dhcpcsvc6.DLL
0x00007ffb464f0000 - 0x00007ffb4650c000 	C:\WINDOWS\SYSTEM32\dhcpcsvc.DLL
0x00007ffb4d9b0000 - 0x00007ffb4da7a000 	C:\WINDOWS\SYSTEM32\DNSAPI.dll

VM Arguments:
jvm_args: -Xmx1536m -Dfile.encoding=windows-1251 -Duser.country=RU -Duser.language=ru -Duser.variant 
java_command: org.gradle.launcher.daemon.bootstrap.GradleDaemon 5.4.1
java_class_path (initial): C:\Users\Franck\.gradle\wrapper\dists\gradle-5.4.1-all\3221gyojl5jsh0helicew7rwx\gradle-5.4.1\lib\gradle-launcher-5.4.1.jar
Launcher Type: SUN_STANDARD

Environment Variables:
JAVA_HOME=C:\Program Files\Java\jdk1.8.0_171
PATH=C:\Program Files (x86)\Common Files\Oracle\Java\javapath;C:\Program Files (x86)\Common Files\Intel\Shared Libraries\redist\intel64\compiler;C:\WINDOWS\system32;C:\WINDOWS;C:\WINDOWS\System32\Wbem;C:\WINDOWS\System32\WindowsPowerShell\v1.0\;C:\Program Files\Git\cmd;C:\FPC\2.6.4\bin\i386-Win32;C:\PostgreSQL\pg10\bin;C:\WINDOWS\System32\OpenSSH\;C:\Anaconda;C:\Program Files (x86)\Microsoft SQL Server\Client SDK\ODBC\130\Tools\Binn\;C:\Program Files (x86)\Microsoft SQL Server\140\Tools\Binn\;C:\Program Files (x86)\Microsoft SQL Server\140\DTS\Binn\;C:\Program Files (x86)\Microsoft SQL Server\140\Tools\Binn\ManagementStudio\;C:\Program Files\Geth;C:\Program Files (x86)\QuickTime\QTSystem\;C:\Program Files\dotnet\;C:\Program Files (x86)\dotnet\;C:\Go\bin;C:\Program Files\PuTTY\;C:\Users\Franck\AppData\Roaming\nvm;C:\Program Files\nodejs;D:\ANACONDA;D:\ANACONDA\Library\mingw-w64\bin;D:\ANACONDA\Library\usr\bin;D:\ANACONDA\Library\bin;D:\ANACONDA\Scripts;C:\Users\Franck\AppData\Local\Microsoft\WindowsApps;C:\Users\Franck\AppData\Local\now-cli;C:\Program Files\expload\pravda\bin;C:\Users\Franck\.dotnet\tools;C:\Users\Franck\go\bin;D:\golang\GoLand 2018.3.1\bin;;C:\adb;C:\Program Files\Java\jdk1.7.0_80\bin;D:\Microsoft VS Code\bin;D:\download\flutter_windows_v1.5.4-hotfix.2-stable\flutter\bin;D:\Android\Sdk\platform-tools;D:\Android\Sdk\platform;D:\Android\Sdk;D:\green_certif\greencertificates\node_modules\sleep\build\binding.sln;C:\Users\Franck\AppData\Roaming\npm;C:\Users\Franck\AppData\Roaming\nvm;C:\Program Files\nodejs;C:\Program Files\heroku\bin;C:\Users\Franck\AppData\Local\Microsoft\WindowsApps;;D:\GAMENODE\JetBrains Rider 2019.2.2\bin;
USERNAME=Franck
OS=Windows_NT
PROCESSOR_IDENTIFIER=Intel64 Family 6 Model 60 Stepping 3, GenuineIntel



---------------  S Y S T E M  ---------------

OS: Windows 10.0 , 64 bit Build 18362 (10.0.18362.329)

CPU:total 8 (initial active 8) (4 cores per cpu, 2 threads per core) family 6 model 60 stepping 3, cmov, cx8, fxsr, mmx, sse, sse2, sse3, ssse3, sse4.1, sse4.2, popcnt, avx, avx2, aes, clmul, erms, lzcnt, ht, tsc, tscinvbit, bmi1, bmi2

Memory: 4k page, physical 8305716k(399952k free), swap 10865716k(320k free)

vm_info: OpenJDK 64-Bit Server VM (25.202-b03) for windows-amd64 JRE (1.8.0_202-release-1483-b03), built by "builder" with MS VC++ 10.0 (VS2010)

time: Sun Oct 27 12:44:33 2019
timezone: Беларусь (зима)
elapsed time: 22 seconds (0d 0h 0m 22s)

