#
# There is insufficient memory for the Java Runtime Environment to continue.
# Native memory allocation (malloc) failed to allocate 1048576 bytes for AllocateHeap
# Possible reasons:
#   The system is out of physical RAM or swap space
#   The process is running with CompressedOops enabled, and the Java Heap may be blocking the growth of the native heap
# Possible solutions:
#   Reduce memory load on the system
#   Increase physical memory or swap space
#   Check if swap backing store is full
#   Decrease Java heap size (-Xmx/-Xms)
#   Decrease number of Java threads
#   Decrease Java thread stack sizes (-Xss)
#   Set larger code cache with -XX:ReservedCodeCacheSize=
#   JVM is running with Unscaled Compressed Oops mode in which the Java heap is
#     placed in the first 4GB address space. The Java Heap base address is the
#     maximum limit for the native heap growth. Please use -XX:HeapBaseMinAddress
#     to set the Java Heap base and to place the Java Heap above 4GB virtual address.
# This output file may be truncated or incomplete.
#
#  Out of Memory Error (memory/allocation.inline.hpp:61), pid=3980, tid=0x0000000000000604
#
# JRE version:  (8.0_202-b03) (build )
# Java VM: OpenJDK 64-Bit Server VM (25.202-b03 mixed mode windows-amd64 compressed oops)
# Failed to write core dump. Minidumps are not enabled by default on client versions of Windows
#

---------------  T H R E A D  ---------------

Current thread (0x0000000002ce6800):  JavaThread "Unknown thread" [_thread_in_vm, id=1540, stack(0x0000000002be0000,0x0000000002ce0000)]

Stack: [0x0000000002be0000,0x0000000002ce0000]
[error occurred during error reporting (printing stack bounds), id 0xc0000005]

Native frames: (J=compiled Java code, j=interpreted, Vv=VM code, C=native code)


---------------  P R O C E S S  ---------------

Java Threads: ( => current thread )

Other Threads:

=>0x0000000002ce6800 (exited) JavaThread "Unknown thread" [_thread_in_vm, id=1540, stack(0x0000000002be0000,0x0000000002ce0000)]

VM state:not at safepoint (normal execution)

VM Mutex/Monitor currently owned by a thread: None

heap address: 0x00000000fc000000, size: 64 MB, Compressed Oops mode: 32-bit
Narrow klass base: 0x0000000000000000, Narrow klass shift: 3
Compressed class space size: 1073741824 Address: 0x0000000100000000

Heap:
 PSYoungGen      total 18944K, used 327K [0x00000000feb00000, 0x0000000100000000, 0x0000000100000000)
  eden space 16384K, 2% used [0x00000000feb00000,0x00000000feb51ec8,0x00000000ffb00000)
  from space 2560K, 0% used [0x00000000ffd80000,0x00000000ffd80000,0x0000000100000000)
  to   space 2560K, 0% used [0x00000000ffb00000,0x00000000ffb00000,0x00000000ffd80000)
 ParOldGen       total 44032K, used 0K [0x00000000fc000000, 0x00000000feb00000, 0x00000000feb00000)
  object space 44032K, 0% used [0x00000000fc000000,0x00000000fc000000,0x00000000feb00000)
 Metaspace       used 778K, capacity 4480K, committed 4480K, reserved 1056768K
  class space    used 74K, capacity 384K, committed 384K, reserved 1048576K

Card table byte_map: [0x0000000002a10000,0x0000000002a40000] byte_map_base: 0x0000000002230000

Marking Bits: (ParMarkBitMap*) 0x0000000065279f30
 Begin Bits: [0x00000000129a0000, 0x0000000012aa0000)
 End Bits:   [0x0000000012aa0000, 0x0000000012ba0000)

Polling page: 0x00000000011b0000

CodeCache: size=245760Kb used=328Kb max_used=328Kb free=245431Kb
 bounds [0x0000000002de0000, 0x0000000003050000, 0x0000000011de0000]
 total_blobs=57 nmethods=0 adapters=38
 compilation: enabled

Compilation events (0 events):
No events

GC Heap History (0 events):
No events

Deoptimization events (0 events):
No events

Classes redefined (0 events):
No events

Internal exceptions (0 events):
No events

Events (10 events):
Event: 0.061 loading class java/lang/Short
Event: 0.061 loading class java/lang/Short done
Event: 0.061 loading class java/lang/Integer
Event: 0.061 loading class java/lang/Integer done
Event: 0.061 loading class java/lang/Long
Event: 0.061 loading class java/lang/Long done
Event: 0.062 loading class java/lang/NullPointerException
Event: 0.062 loading class java/lang/NullPointerException done
Event: 0.062 loading class java/lang/ArithmeticException
Event: 0.062 loading class java/lang/ArithmeticException done


Dynamic libraries:
0x00007ff7ddb50000 - 0x00007ff7ddb81000 	C:\Program Files\Android\Android Studio1\jre\bin\java.exe
0x00007ffb51520000 - 0x00007ffb51710000 	C:\WINDOWS\SYSTEM32\ntdll.dll
0x00007ffb3d420000 - 0x00007ffb3d434000 	C:\Program Files\AVAST Software\Avast\aswhook.dll
0x00007ffb512e0000 - 0x00007ffb51392000 	C:\WINDOWS\System32\KERNEL32.DLL
0x00007ffb4e4b0000 - 0x00007ffb4e753000 	C:\WINDOWS\System32\KERNELBASE.dll
0x00007ffb4feb0000 - 0x00007ffb4ff53000 	C:\WINDOWS\System32\ADVAPI32.dll
0x00007ffb50940000 - 0x00007ffb509de000 	C:\WINDOWS\System32\msvcrt.dll
0x00007ffb4fb90000 - 0x00007ffb4fc27000 	C:\WINDOWS\System32\sechost.dll
0x00007ffb50710000 - 0x00007ffb50830000 	C:\WINDOWS\System32\RPCRT4.dll
0x00007ffb51140000 - 0x00007ffb512d4000 	C:\WINDOWS\System32\USER32.dll
0x00007ffb4e790000 - 0x00007ffb4e7b1000 	C:\WINDOWS\System32\win32u.dll
0x00007ffb50910000 - 0x00007ffb50936000 	C:\WINDOWS\System32\GDI32.dll
0x00007ffb4e910000 - 0x00007ffb4eaa4000 	C:\WINDOWS\System32\gdi32full.dll
0x00007ffb4e870000 - 0x00007ffb4e90e000 	C:\WINDOWS\System32\msvcp_win.dll
0x00007ffb4f330000 - 0x00007ffb4f42a000 	C:\WINDOWS\System32\ucrtbase.dll
0x00007ffb3f6e0000 - 0x00007ffb3f965000 	C:\WINDOWS\WinSxS\amd64_microsoft.windows.common-controls_6595b64144ccf1df_6.0.18362.418_none_e6c6b287130d565d\COMCTL32.dll
0x00007ffb50110000 - 0x00007ffb50446000 	C:\WINDOWS\System32\combase.dll
0x00007ffb4f2b0000 - 0x00007ffb4f330000 	C:\WINDOWS\System32\bcryptPrimitives.dll
0x00007ffb504b0000 - 0x00007ffb504de000 	C:\WINDOWS\System32\IMM32.DLL
0x0000000064820000 - 0x00000000648f2000 	C:\Program Files\Android\Android Studio1\jre\jre\bin\msvcr100.dll
0x0000000064ab0000 - 0x00000000652f6000 	C:\Program Files\Android\Android Studio1\jre\jre\bin\server\jvm.dll
0x00007ffb50640000 - 0x00007ffb50648000 	C:\WINDOWS\System32\PSAPI.DLL
0x00007ffb3d3f0000 - 0x00007ffb3d3f9000 	C:\WINDOWS\SYSTEM32\WSOCK32.dll
0x00007ffb510d0000 - 0x00007ffb5113f000 	C:\WINDOWS\System32\WS2_32.dll
0x00007ffb485e0000 - 0x00007ffb48604000 	C:\WINDOWS\SYSTEM32\WINMM.dll
0x00007ffb47540000 - 0x00007ffb4754a000 	C:\WINDOWS\SYSTEM32\VERSION.dll
0x00007ffb485b0000 - 0x00007ffb485dd000 	C:\WINDOWS\SYSTEM32\WINMMBASE.dll
0x00007ffb4f430000 - 0x00007ffb4f47a000 	C:\WINDOWS\System32\cfgmgr32.dll
0x00007ffb49260000 - 0x00007ffb4926f000 	C:\Program Files\Android\Android Studio1\jre\jre\bin\verify.dll
0x00007ffb49230000 - 0x00007ffb49259000 	C:\Program Files\Android\Android Studio1\jre\jre\bin\java.dll
0x00007ffb49210000 - 0x00007ffb49226000 	C:\Program Files\Android\Android Studio1\jre\jre\bin\zip.dll

VM Arguments:
jvm_args: -Djava.awt.headless=true -Xmx64M -Dfile.encoding=windows-1251 -Duser.country=RU -Duser.language=ru -Duser.variant 
java_command: com.google.devtools.build.android.desugar.Desugar --input D:\hackuniversity\android\app\build\intermediates\transforms\stackFramesFixer\debug\15.jar --output D:\hackuniversity\android\app\build\intermediates\transforms\desugar\debug\13.jar --input D:\hackuniversity\android\app\build\intermediates\transforms\stackFramesFixer\debug\1.jar --output D:\hackuniversity\android\app\build\intermediates\transforms\desugar\debug\1.jar --input D:\hackuniversity\android\app\build\intermediates\transforms\stackFramesFixer\debug\45.jar --output D:\hackuniversity\android\app\build\intermediates\transforms\desugar\debug\43.jar --input D:\hackuniversity\android\app\build\intermediates\transforms\stackFramesFixer\debug\53.jar --output D:\hackuniversity\android\app\build\intermediates\transforms\desugar\debug\52.jar --input D:\hackuniversity\android\app\build\intermediates\transforms\stackFramesFixer\debug\57.jar --output D:\hackuniversity\android\app\build\intermediates\transforms\desugar\debug\56.jar --input D:\hackuniversity\android\app\build\intermediates\transforms\stackFramesFixer\debug\42.jar --output D:\hackuniversity\android\app\build\intermediates\transforms\desugar\debug\40.jar --input D:\hackuniversity\android\app\build\intermediates\transforms\stackFramesFixer\debug\29.jar --output D:\hackuniversity\android\app\build\intermediates\transforms\desugar\debug\27.jar --input D:\hackuniversity\android\app\build\intermediates\transforms\stackFramesFixer\debug\9.jar --output D:\hackuniversity\android\app\build\intermediates\transforms\desugar\debug\62.jar --input D:\hackuniversity\android\app\build\intermediates\transforms\stackFramesFixer\debug\23.jar --output D:\hackuniversity\android\app\build\intermediates\transforms\desugar\debug\61.jar --classpath_entry D:\hackuniversity\android\app\build\intermediates\classes\debug --classpath_entry D:\hackuniversity\android\app\build\intermediates\transforms\stackFramesFixer\debug\0.jar --classpath_entry D:\hackuniversity\a
java_class_path (initial): C:\Users\Franck\AppData\Local\Temp\desugar_deploy.jar928915607482692718
Launcher Type: SUN_STANDARD

Environment Variables:
JAVA_HOME=C:\Program Files\Java\jdk1.8.0_171
PATH=C:\Program Files (x86)\Common Files\Oracle\Java\javapath;C:\Program Files (x86)\Common Files\Intel\Shared Libraries\redist\intel64\compiler;C:\WINDOWS\system32;C:\WINDOWS;C:\WINDOWS\System32\Wbem;C:\WINDOWS\System32\WindowsPowerShell\v1.0\;C:\Program Files\Git\cmd;C:\FPC\2.6.4\bin\i386-Win32;C:\PostgreSQL\pg10\bin;C:\WINDOWS\System32\OpenSSH\;C:\Anaconda;C:\Program Files (x86)\Microsoft SQL Server\Client SDK\ODBC\130\Tools\Binn\;C:\Program Files (x86)\Microsoft SQL Server\140\Tools\Binn\;C:\Program Files (x86)\Microsoft SQL Server\140\DTS\Binn\;C:\Program Files (x86)\Microsoft SQL Server\140\Tools\Binn\ManagementStudio\;C:\Program Files\Geth;C:\Program Files (x86)\QuickTime\QTSystem\;C:\Program Files\dotnet\;C:\Program Files (x86)\dotnet\;C:\Go\bin;C:\Program Files\PuTTY\;C:\Users\Franck\AppData\Roaming\nvm;C:\Program Files\nodejs;D:\ANACONDA;D:\ANACONDA\Library\mingw-w64\bin;D:\ANACONDA\Library\usr\bin;D:\ANACONDA\Library\bin;D:\ANACONDA\Scripts;C:\Users\Franck\AppData\Local\Microsoft\WindowsApps;C:\Users\Franck\AppData\Local\now-cli;C:\Program Files\expload\pravda\bin;C:\Users\Franck\.dotnet\tools;C:\Users\Franck\go\bin;D:\golang\GoLand 2018.3.1\bin;;C:\adb;C:\Program Files\Java\jdk1.7.0_80\bin;D:\Microsoft VS Code\bin;D:\download\flutter_windows_v1.5.4-hotfix.2-stable\flutter\bin;D:\Android\Sdk\platform-tools;D:\Android\Sdk\platform;D:\Android\Sdk;D:\green_certif\greencertificates\node_modules\sleep\build\binding.sln;C:\Users\Franck\AppData\Roaming\npm;C:\Users\Franck\AppData\Roaming\nvm;C:\Program Files\nodejs;C:\Program Files\heroku\bin;C:\Users\Franck\AppData\Local\Microsoft\WindowsApps;;D:\GAMENODE\JetBrains Rider 2019.2.2\bin;
USERNAME=Franck
OS=Windows_NT
PROCESSOR_IDENTIFIER=Intel64 Family 6 Model 60 Stepping 3, GenuineIntel



---------------  S Y S T E M  ---------------

OS: Windows 10.0 , 64 bit Build 18362 (10.0.18362.329)

CPU:total 8 (initial active 8) (4 cores per cpu, 2 threads per core) family 6 model 60 stepping 3, cmov, cx8, fxsr, mmx, sse, sse2, sse3, ssse3, sse4.1, sse4.2, popcnt, avx, avx2, aes, clmul, erms, lzcnt, ht, tsc, tscinvbit, bmi1, bmi2

Memory: 4k page, physical 8305716k(791816k free), swap 10865716k(18932k free)

vm_info: OpenJDK 64-Bit Server VM (25.202-b03) for windows-amd64 JRE (1.8.0_202-release-1483-b03), built by "builder" with MS VC++ 10.0 (VS2010)

time: Sun Oct 27 12:23:42 2019
timezone: Беларусь (зима)
elapsed time: 0 seconds (0d 0h 0m 0s)

